2023-02-08 05:34:10 +0000  Initial pipeline context: <IDEDistributionProcessingPipelineContext: 0x7ff289079470; archive(resolved)="<IDEArchive: 0x7ff222016aa0>", distributionTask(resolved)="2", distributionDestination(resolved)="1", distributionMethod(resolved)="<IDEDistributionMethodDevelopmentSigned: 0x7ff35e2deb60>", team(resolved)="<IDEProvisioningDisambiguatableBasicTeam: 0x7ff364596d30; teamID='PSZK2TU728', teamName='Mobile Queue Technologies Inc.', teamType='Company', username='snr@beas.co.in', isFreeProvisioningTeam='0'>">
	Chain (14, self inclusive):
	<IDEDistributionProcessingPipelineContext: 0x7ff289079470; archive = "<IDEArchive: 0x7ff222016aa0>", distributionMethod="<IDEDistributionMethodDevelopmentSigned: 0x7ff35e2deb60>", team="<IDEProvisioningDisambiguatableBasicTeam: 0x7ff364596d30; teamID='PSZK2TU728', teamName='Mobile Queue Technologies Inc.', teamType='Company', username='snr@beas.co.in', isFreeProvisioningTeam='0'>">
	<IDEDistributionProcessingPipelineContext: 0x7ff28d0869c0; archive = "<IDEArchive: 0x7ff222016aa0>", distributionMethod="<IDEDistributionMethodDevelopmentSigned: 0x7ff35e2deb60>", team="<IDEProvisioningDisambiguatableBasicTeam: 0x7ff364596d30; teamID='PSZK2TU728', teamName='Mobile Queue Technologies Inc.', teamType='Company', username='snr@beas.co.in', isFreeProvisioningTeam='0'>">
	<IDEDistributionContext: 0x7ff289cb7ed0; archive = "<IDEArchive: 0x7ff222016aa0>", distributionMethod="<IDEDistributionMethodDevelopmentSigned: 0x7ff35e2deb60>", team="<IDEProvisioningDisambiguatableBasicTeam: 0x7ff364596d30; teamID='PSZK2TU728', teamName='Mobile Queue Technologies Inc.', teamType='Company', username='snr@beas.co.in', isFreeProvisioningTeam='0'>">
	<IDEDistributionContext: 0x7ff28d604220; archive = "<IDEArchive: 0x7ff222016aa0>", distributionMethod="<IDEDistributionMethodDevelopmentSigned: 0x7ff35e2deb60>", team="<IDEProvisioningDisambiguatableBasicTeam: 0x7ff364596d30; teamID='PSZK2TU728', teamName='Mobile Queue Technologies Inc.', teamType='Company', username='snr@beas.co.in', isFreeProvisioningTeam='0'>">
	<IDEDistributionContext: 0x7ff28d63b610; archive = "<IDEArchive: 0x7ff222016aa0>", distributionMethod="<IDEDistributionMethodDevelopmentSigned: 0x7ff35e2deb60>", team="<IDEProvisioningDisambiguatableBasicTeam: 0x7ff364596d30; teamID='PSZK2TU728', teamName='Mobile Queue Technologies Inc.', teamType='Company', username='snr@beas.co.in', isFreeProvisioningTeam='0'>">
	<IDEDistributionContext: 0x7ff28d606770; archive = "<IDEArchive: 0x7ff222016aa0>", distributionMethod="<IDEDistributionMethodDevelopmentSigned: 0x7ff35e2deb60>", team="<IDEProvisioningDisambiguatableBasicTeam: 0x7ff364596d30; teamID='PSZK2TU728', teamName='Mobile Queue Technologies Inc.', teamType='Company', username='snr@beas.co.in', isFreeProvisioningTeam='0'>">
	<IDEDistributionContext: 0x7ff24b3f0020; archive = "<IDEArchive: 0x7ff222016aa0>", distributionMethod="<IDEDistributionMethodDevelopmentSigned: 0x7ff35e2deb60>", team="<IDEProvisioningDisambiguatableBasicTeam: 0x7ff364596d30; teamID='PSZK2TU728', teamName='Mobile Queue Technologies Inc.', teamType='Company', username='snr@beas.co.in', isFreeProvisioningTeam='0'>">
	<IDEDistributionContext: 0x7ff250aa57a0; archive = "<IDEArchive: 0x7ff222016aa0>", distributionMethod="<IDEDistributionMethodDevelopmentSigned: 0x7ff35e2deb60>", team="<IDEProvisioningDisambiguatableBasicTeam: 0x7ff364596d30; teamID='PSZK2TU728', teamName='Mobile Queue Technologies Inc.', teamType='Company', username='snr@beas.co.in', isFreeProvisioningTeam='0'>">
	<IDEDistributionContext: 0x7ff28fdc3730; archive = "<IDEArchive: 0x7ff222016aa0>", distributionMethod="<IDEDistributionMethodDevelopmentSigned: 0x7ff35e2deb60>", team="<IDEProvisioningDisambiguatableBasicTeam: 0x7ff364596d30; teamID='PSZK2TU728', teamName='Mobile Queue Technologies Inc.', teamType='Company', username='snr@beas.co.in', isFreeProvisioningTeam='0'>">
	<IDEDistributionContext: 0x7ff25131d2e0; archive = "<IDEArchive: 0x7ff222016aa0>", distributionMethod="<IDEDistributionMethodDevelopmentSigned: 0x7ff35e2deb60>", team="(null)">
	<IDEDistributionContext: 0x7ff289014590; archive = "<IDEArchive: 0x7ff222016aa0>", distributionMethod="<IDEDistributionMethodDevelopmentSigned: 0x7ff35e2deb60>", team="(null)">
	<IDEDistributionContext: 0x7ff24f3f2640; archive = "<IDEArchive: 0x7ff222016aa0>", distributionMethod="<IDEDistributionMethodDevelopmentSigned: 0x7ff35e2deb60>", team="(null)">
	<IDEDistributionContext: 0x7ff24d888900; archive = "<IDEArchive: 0x7ff222016aa0>", distributionMethod="<IDEDistributionMethodDevelopmentSigned: 0x7ff35e2deb60>", team="(null)">
	<IDEDistributionContext: 0x7ff28d23f460; archive = "<IDEArchive: 0x7ff222016aa0>", distributionMethod="(null)", team="(null)">
</IDEDistributionProcessingPipelineContext: 0x7ff289079470>
2023-02-08 05:34:10 +0000  Processing step: IDEDistributionCreateDestRootStep
2023-02-08 05:34:10 +0000  Processing step: IDEDistributionCopyItemStep
2023-02-08 05:34:10 +0000  Running /usr/bin/ditto '-V' '/Users/beasimac/Library/Developer/Xcode/Archives/2023-02-08/QManager Pro 08-02-23, 11.02 AM.xcarchive/Products/Applications/QManager Pro.app' '/var/folders/87/dwqp79fs1mxf5fqvdmvbldv80000gn/T/XcodeDistPipeline.~~~U4pULH/Root/Payload/QManager Pro.app'
2023-02-08 05:34:10 +0000  >>> Copying /Users/beasimac/Library/Developer/Xcode/Archives/2023-02-08/QManager Pro 08-02-23, 11.02 AM.xcarchive/Products/Applications/QManager Pro.app 
2023-02-08 05:34:10 +0000  copying file ./drop-down-room1.png ... 
2023-02-08 05:34:10 +0000  494 bytes for ./drop-down-room1.png
2023-02-08 05:34:10 +0000  copying file ./_CodeSignature/CodeResources ... 
2023-02-08 05:34:10 +0000  94868 bytes for ./_CodeSignature/CodeResources
copying file ./down_arrow.png ... 
2023-02-08 05:34:10 +0000  142 bytes for ./down_arrow.png
copying file ./allschool-norm_back.png ... 
2023-02-08 05:34:10 +0000  3217 bytes for ./allschool-norm_back.png
copying file ./PopUpViewController.nib ... 
2023-02-08 05:34:10 +0000  1011 bytes for ./PopUpViewController.nib
2023-02-08 05:34:10 +0000  copying file ./tab_bg.png ... 
2023-02-08 05:34:10 +0000  45830 bytes for ./tab_bg.png
2023-02-08 05:34:10 +0000  copying file ./mail-icon.png ... 
1335 bytes for ./mail-icon.png
2023-02-08 05:34:10 +0000  copying file ./CheckInactive.png ... 
2023-02-08 05:34:10 +0000  116 bytes for ./CheckInactive.png
2023-02-08 05:34:10 +0000  copying file ./en.lproj/InfoPlist.strings ... 
2023-02-08 05:34:10 +0000  42 bytes for ./en.lproj/InfoPlist.strings
2023-02-08 05:34:10 +0000  copying file ./en.lproj/ViewController_iPad.nib ... 
2023-02-08 05:34:10 +0000  980 bytes for ./en.lproj/ViewController_iPad.nib
copying file ./en.lproj/ViewController_iPhone.nib ... 
2023-02-08 05:34:10 +0000  2965 bytes for ./en.lproj/ViewController_iPhone.nib
2023-02-08 05:34:10 +0000  copying file ./Signed.png ... 
2023-02-08 05:34:10 +0000  4787 bytes for ./Signed.png
copying file ./MainWindow.nib ... 
2023-02-08 05:34:10 +0000  2346 bytes for ./MainWindow.nib
2023-02-08 05:34:10 +0000  copying file ./zbar-helpicons.png ... 
2023-02-08 05:34:10 +0000  22384 bytes for ./zbar-helpicons.png
2023-02-08 05:34:10 +0000  copying file ./ParentMsgPopup.nib ... 
2023-02-08 05:34:10 +0000  2985 bytes for ./ParentMsgPopup.nib
copying file ./Second_ViewTableCell.nib ... 
2023-02-08 05:34:10 +0000  8539 bytes for ./Second_ViewTableCell.nib
2023-02-08 05:34:10 +0000  copying file ./AgreementVC.nib ... 
2023-02-08 05:34:10 +0000  1235 bytes for ./AgreementVC.nib
copying file ./zbar-samples.png ... 
2023-02-08 05:34:10 +0000  1312 bytes for ./zbar-samples.png
2023-02-08 05:34:10 +0000  copying file ./CustomCell.nib ... 
2023-02-08 05:34:10 +0000  5042 bytes for ./CustomCell.nib
2023-02-08 05:34:10 +0000  copying file ./newSignatureAlert.mp3 ... 
2023-02-08 05:34:10 +0000  33880 bytes for ./newSignatureAlert.mp3
2023-02-08 05:34:10 +0000  copying file ./qmanager-logo1.jpg ... 
2023-02-08 05:34:10 +0000  18062 bytes for ./qmanager-logo1.jpg
2023-02-08 05:34:10 +0000  copying file ./QManager Pro ... 
2023-02-08 05:34:10 +0000  2680704 bytes for ./QManager Pro
copying file ./Dot.png ... 
2023-02-08 05:34:10 +0000  3620 bytes for ./Dot.png
2023-02-08 05:34:10 +0000  copying file ./GreenDot.png ... 
782 bytes for ./GreenDot.png
copying file ./QManager for Schools.entitlements ... 
299 bytes for ./QManager for Schools.entitlements
copying file ./AppIcon72x72@2x~ipad.png ... 
16145 bytes for ./AppIcon72x72@2x~ipad.png
copying file ./BellGreen.png ... 
2023-02-08 05:34:10 +0000  321 bytes for ./BellGreen.png
copying file ./arrowA.png ... 
2023-02-08 05:34:10 +0000  4203 bytes for ./arrowA.png
2023-02-08 05:34:10 +0000  copying file ./zbar-help.html ... 
2023-02-08 05:34:10 +0000  3383 bytes for ./zbar-help.html
2023-02-08 05:34:10 +0000  copying file ./cellback.png ... 
2023-02-08 05:34:10 +0000  21542 bytes for ./cellback.png
2023-02-08 05:34:10 +0000  copying file ./qmanager_logo_iPad@2x.png ... 
2023-02-08 05:34:10 +0000  9164 bytes for ./qmanager_logo_iPad@2x.png
2023-02-08 05:34:10 +0000  copying file ./Login.nib ... 
2023-02-08 05:34:10 +0000  7352 bytes for ./Login.nib
2023-02-08 05:34:10 +0000  copying file ./logo-76.png ... 
2023-02-08 05:34:10 +0000  4202 bytes for ./logo-76.png
2023-02-08 05:34:10 +0000  copying file ./RollCallViewController.nib ... 
2023-02-08 05:34:10 +0000  6361 bytes for ./RollCallViewController.nib
2023-02-08 05:34:10 +0000  copying file ./AppIcon29x29~ipad.png ... 
2023-02-08 05:34:10 +0000  2816 bytes for ./AppIcon29x29~ipad.png
2023-02-08 05:34:10 +0000  copying file ./MessageTableViewCell~ipad.nib/runtime.nib ... 
2023-02-08 05:34:10 +0000  3541 bytes for ./MessageTableViewCell~ipad.nib/runtime.nib
2023-02-08 05:34:10 +0000  copying file ./MessageTableViewCell~ipad.nib/objects-8.0+.nib ... 
2023-02-08 05:34:10 +0000  3541 bytes for ./MessageTableViewCell~ipad.nib/objects-8.0+.nib
2023-02-08 05:34:10 +0000  copying file ./all-room-btn2.png ... 
2023-02-08 05:34:10 +0000  1242 bytes for ./all-room-btn2.png
copying file ./zbar-back.png ... 
2023-02-08 05:34:10 +0000  319 bytes for ./zbar-back.png
2023-02-08 05:34:10 +0000  copying file ./redback.png ... 
2023-02-08 05:34:10 +0000  108189 bytes for ./redback.png
2023-02-08 05:34:10 +0000  copying file ./GoogleService-Info.plist ... 
2023-02-08 05:34:10 +0000  723 bytes for ./GoogleService-Info.plist
2023-02-08 05:34:10 +0000  copying file ./selected.png ... 
2023-02-08 05:34:10 +0000  3864 bytes for ./selected.png
copying file ./arrowD.png ... 
2023-02-08 05:34:10 +0000  1554 bytes for ./arrowD.png
2023-02-08 05:34:10 +0000  copying file ./barcode1.png ... 
2023-02-08 05:34:10 +0000  4331 bytes for ./barcode1.png
2023-02-08 05:34:10 +0000  copying file ./qmanager_logo_2@2x.png ... 
2023-02-08 05:34:10 +0000  60351 bytes for ./qmanager_logo_2@2x.png
2023-02-08 05:34:10 +0000  copying file ./Un_chk-1.png ... 
2023-02-08 05:34:10 +0000  5152 bytes for ./Un_chk-1.png
2023-02-08 05:34:10 +0000  copying file ./icon_map.png ... 
2023-02-08 05:34:10 +0000  842 bytes for ./icon_map.png
copying file ./loginCTA.png ... 
2023-02-08 05:34:10 +0000  11408 bytes for ./loginCTA.png
2023-02-08 05:34:10 +0000  copying file ./grayframe.png ... 
2023-02-08 05:34:10 +0000  3162 bytes for ./grayframe.png
2023-02-08 05:34:10 +0000  copying file ./Assets.car ... 
2023-02-08 05:34:10 +0000  614111 bytes for ./Assets.car
2023-02-08 05:34:10 +0000  copying file ./AppIcon40x40@2x~ipad.png ... 
2023-02-08 05:34:10 +0000  8080 bytes for ./AppIcon40x40@2x~ipad.png
2023-02-08 05:34:10 +0000  copying file ./logo.png ... 
2023-02-08 05:34:10 +0000  10605 bytes for ./logo.png
2023-02-08 05:34:10 +0000  copying file ./AppIcon76x76@2x~ipad.png ... 
2023-02-08 05:34:10 +0000  10908 bytes for ./AppIcon76x76@2x~ipad.png
2023-02-08 05:34:10 +0000  copying file ./AppIcon72x72~ipad.png ... 
2023-02-08 05:34:10 +0000  7697 bytes for ./AppIcon72x72~ipad.png
2023-02-08 05:34:10 +0000  copying file ./qmanager_logo_2.png ... 
2023-02-08 05:34:10 +0000  24963 bytes for ./qmanager_logo_2.png
2023-02-08 05:34:10 +0000  copying file ./qmanager_logo_iPad.png ... 
2023-02-08 05:34:10 +0000  4793 bytes for ./qmanager_logo_iPad.png
2023-02-08 05:34:10 +0000  copying file ./ThirdViewController.nib ... 
2023-02-08 05:34:10 +0000  9713 bytes for ./ThirdViewController.nib
2023-02-08 05:34:10 +0000  copying file ./barcode_popup.png ... 
2023-02-08 05:34:10 +0000  6813 bytes for ./barcode_popup.png
2023-02-08 05:34:10 +0000  copying file ./QueueManager.png ... 
2023-02-08 05:34:10 +0000  9369 bytes for ./QueueManager.png
2023-02-08 05:34:10 +0000  copying file ./CustomerDetails.xml ... 
2023-02-08 05:34:10 +0000  0 bytes for ./CustomerDetails.xml
copying file ./menu-icon.png ... 
2023-02-08 05:34:10 +0000  3737 bytes for ./menu-icon.png
2023-02-08 05:34:10 +0000  copying file ./AppIcon83.5x83.5@2x~ipad.png ... 
2023-02-08 05:34:10 +0000  16829 bytes for ./AppIcon83.5x83.5@2x~ipad.png
copying file ./RoomListViewController.nib ... 
2023-02-08 05:34:10 +0000  3160 bytes for ./RoomListViewController.nib
2023-02-08 05:34:10 +0000  copying file ./logo-76@2x.png ... 
2023-02-08 05:34:10 +0000  9991 bytes for ./logo-76@2x.png
2023-02-08 05:34:10 +0000  copying file ./Customcell_iPad.nib ... 
2023-02-08 05:34:10 +0000  5491 bytes for ./Customcell_iPad.nib
2023-02-08 05:34:10 +0000  copying file ./location.png ... 
2023-02-08 05:34:10 +0000  1953 bytes for ./location.png
2023-02-08 05:34:10 +0000  copying file ./LaunchScreen.storyboardc/UIViewController-01J-lp-oVM~ipad.nib/runtime.nib ... 
2023-02-08 05:34:10 +0000  896 bytes for ./LaunchScreen.storyboardc/UIViewController-01J-lp-oVM~ipad.nib/runtime.nib
2023-02-08 05:34:10 +0000  copying file ./LaunchScreen.storyboardc/UIViewController-01J-lp-oVM~ipad.nib/objects-8.0+.nib ... 
2023-02-08 05:34:10 +0000  896 bytes for ./LaunchScreen.storyboardc/UIViewController-01J-lp-oVM~ipad.nib/objects-8.0+.nib
2023-02-08 05:34:10 +0000  copying file ./LaunchScreen.storyboardc/01J-lp-oVM-view-Ze5-6b-2t3~ipad.nib/runtime.nib ... 
2023-02-08 05:34:10 +0000  3552 bytes for ./LaunchScreen.storyboardc/01J-lp-oVM-view-Ze5-6b-2t3~ipad.nib/runtime.nib
2023-02-08 05:34:10 +0000  copying file ./LaunchScreen.storyboardc/01J-lp-oVM-view-Ze5-6b-2t3~ipad.nib/objects-8.0+.nib ... 
2023-02-08 05:34:10 +0000  3552 bytes for ./LaunchScreen.storyboardc/01J-lp-oVM-view-Ze5-6b-2t3~ipad.nib/objects-8.0+.nib
2023-02-08 05:34:10 +0000  copying file ./pin2 copy.png ... 
2023-02-08 05:34:10 +0000  18673 bytes for ./pin2 copy.png
2023-02-08 05:34:10 +0000  copying file ./mail-icon@2x.png ... 
2552 bytes for ./mail-icon@2x.png
copying file ./AppIcon50x50~ipad.png ... 
2023-02-08 05:34:10 +0000  4831 bytes for ./AppIcon50x50~ipad.png
2023-02-08 05:34:10 +0000  copying file ./Signature.nib ... 
2023-02-08 05:34:10 +0000  9029 bytes for ./Signature.nib
2023-02-08 05:34:10 +0000  copying file ./map-icon.png ... 
2023-02-08 05:34:10 +0000  4728 bytes for ./map-icon.png
2023-02-08 05:34:10 +0000  copying file ./espeak-data/hy_dict ... 
2023-02-08 05:34:10 +0000  2469 bytes for ./espeak-data/hy_dict
2023-02-08 05:34:10 +0000  copying file ./espeak-data/zh_dict ... 
2023-02-08 05:34:10 +0000  41830 bytes for ./espeak-data/zh_dict
2023-02-08 05:34:10 +0000  copying file ./espeak-data/tr_dict ... 
2023-02-08 05:34:10 +0000  4788 bytes for ./espeak-data/tr_dict
2023-02-08 05:34:10 +0000  copying file ./espeak-data/mk_dict ... 
2023-02-08 05:34:10 +0000  4948 bytes for ./espeak-data/mk_dict
2023-02-08 05:34:10 +0000  copying file ./espeak-data/hu_dict ... 
2023-02-08 05:34:10 +0000  28613 bytes for ./espeak-data/hu_dict
2023-02-08 05:34:10 +0000  copying file ./espeak-data/pap_dict ... 
2023-02-08 05:34:10 +0000  2134 bytes for ./espeak-data/pap_dict
copying file ./espeak-data/is_dict ... 
2023-02-08 05:34:10 +0000  5484 bytes for ./espeak-data/is_dict
2023-02-08 05:34:10 +0000  copying file ./espeak-data/la_dict ... 
2023-02-08 05:34:10 +0000  3823 bytes for ./espeak-data/la_dict
2023-02-08 05:34:10 +0000  copying file ./espeak-data/nl_dict ... 
2023-02-08 05:34:10 +0000  10874 bytes for ./espeak-data/nl_dict
2023-02-08 05:34:10 +0000  copying file ./espeak-data/grc_dict ... 
2023-02-08 05:34:10 +0000  3390 bytes for ./espeak-data/grc_dict
2023-02-08 05:34:10 +0000  copying file ./espeak-data/jbo_dict ... 
2023-02-08 05:34:10 +0000  2060 bytes for ./espeak-data/jbo_dict
2023-02-08 05:34:10 +0000  copying file ./espeak-data/mbrola_ph/hu1_phtrans ... 
2023-02-08 05:34:10 +0000  1420 bytes for ./espeak-data/mbrola_ph/hu1_phtrans
2023-02-08 05:34:10 +0000  copying file ./espeak-data/mbrola_ph/ca1_phtrans ... 
2023-02-08 05:34:10 +0000  1372 bytes for ./espeak-data/mbrola_ph/ca1_phtrans
copying file ./espeak-data/mbrola_ph/pt1_phtrans ... 
2023-02-08 05:34:10 +0000  2092 bytes for ./espeak-data/mbrola_ph/pt1_phtrans
2023-02-08 05:34:10 +0000  copying file ./espeak-data/mbrola_ph/it3_phtrans ... 
2023-02-08 05:34:10 +0000  892 bytes for ./espeak-data/mbrola_ph/it3_phtrans
copying file ./espeak-data/mbrola_ph/es_phtrans ... 
2023-02-08 05:34:10 +0000  1708 bytes for ./espeak-data/mbrola_ph/es_phtrans
2023-02-08 05:34:10 +0000  copying file ./espeak-data/mbrola_ph/sv2_phtrans ... 
2023-02-08 05:34:10 +0000  1564 bytes for ./espeak-data/mbrola_ph/sv2_phtrans
2023-02-08 05:34:10 +0000  copying file ./espeak-data/mbrola_ph/de6_phtrans ... 
2023-02-08 05:34:10 +0000  1252 bytes for ./espeak-data/mbrola_ph/de6_phtrans
copying file ./espeak-data/mbrola_ph/cs_phtrans ... 
2023-02-08 05:34:10 +0000  580 bytes for ./espeak-data/mbrola_ph/cs_phtrans
2023-02-08 05:34:10 +0000  copying file ./espeak-data/mbrola_ph/pl1_phtrans ... 
2023-02-08 05:34:10 +0000  1564 bytes for ./espeak-data/mbrola_ph/pl1_phtrans
2023-02-08 05:34:10 +0000  copying file ./espeak-data/mbrola_ph/sv_phtrans ... 
2023-02-08 05:34:10 +0000  1564 bytes for ./espeak-data/mbrola_ph/sv_phtrans
copying file ./espeak-data/mbrola_ph/de4_phtrans ... 
2023-02-08 05:34:10 +0000  1636 bytes for ./espeak-data/mbrola_ph/de4_phtrans
2023-02-08 05:34:10 +0000  copying file ./espeak-data/mbrola_ph/cr1_phtrans ... 
2023-02-08 05:34:10 +0000  2164 bytes for ./espeak-data/mbrola_ph/cr1_phtrans
copying file ./espeak-data/mbrola_ph/grc-de6_phtrans ... 
2023-02-08 05:34:10 +0000  484 bytes for ./espeak-data/mbrola_ph/grc-de6_phtrans
2023-02-08 05:34:10 +0000  copying file ./espeak-data/mbrola_ph/nl_phtrans ... 
2023-02-08 05:34:10 +0000  1612 bytes for ./espeak-data/mbrola_ph/nl_phtrans
copying file ./espeak-data/mbrola_ph/ro1_phtrans ... 
2023-02-08 05:34:10 +0000  2164 bytes for ./espeak-data/mbrola_ph/ro1_phtrans
2023-02-08 05:34:10 +0000  copying file ./espeak-data/mbrola_ph/la1_phtrans ... 
2023-02-08 05:34:10 +0000  748 bytes for ./espeak-data/mbrola_ph/la1_phtrans
2023-02-08 05:34:10 +0000  copying file ./espeak-data/mbrola_ph/pt_phtrans ... 
2023-02-08 05:34:10 +0000  2092 bytes for ./espeak-data/mbrola_ph/pt_phtrans
copying file ./espeak-data/mbrola_ph/gr2_phtrans ... 
2023-02-08 05:34:10 +0000  2212 bytes for ./espeak-data/mbrola_ph/gr2_phtrans
2023-02-08 05:34:10 +0000  copying file ./espeak-data/mbrola_ph/in1_phtrans ... 
2023-02-08 05:34:10 +0000  1252 bytes for ./espeak-data/mbrola_ph/in1_phtrans
2023-02-08 05:34:10 +0000  copying file ./espeak-data/mbrola_ph/id1_phtrans ... 
2023-02-08 05:34:10 +0000  892 bytes for ./espeak-data/mbrola_ph/id1_phtrans
copying file ./espeak-data/mbrola_ph/ptbr_phtrans ... 
2023-02-08 05:34:10 +0000  2500 bytes for ./espeak-data/mbrola_ph/ptbr_phtrans
2023-02-08 05:34:10 +0000  copying file ./espeak-data/mbrola_ph/fr1_phtrans ... 
2023-02-08 05:34:10 +0000  1900 bytes for ./espeak-data/mbrola_ph/fr1_phtrans
copying file ./espeak-data/mbrola_ph/ic1_phtrans ... 
2023-02-08 05:34:10 +0000  1132 bytes for ./espeak-data/mbrola_ph/ic1_phtrans
2023-02-08 05:34:10 +0000  copying file ./espeak-data/mbrola_ph/tr1_phtrans ... 
2023-02-08 05:34:10 +0000  364 bytes for ./espeak-data/mbrola_ph/tr1_phtrans
copying file ./espeak-data/mbrola_ph/us_phtrans ... 
2023-02-08 05:34:10 +0000  1084 bytes for ./espeak-data/mbrola_ph/us_phtrans
2023-02-08 05:34:10 +0000  copying file ./espeak-data/mbrola_ph/ptbr4_phtrans ... 
2023-02-08 05:34:10 +0000  2356 bytes for ./espeak-data/mbrola_ph/ptbr4_phtrans
2023-02-08 05:34:10 +0000  copying file ./espeak-data/mbrola_ph/us3_phtrans ... 
2023-02-08 05:34:10 +0000  1012 bytes for ./espeak-data/mbrola_ph/us3_phtrans
2023-02-08 05:34:10 +0000  copying file ./espeak-data/mbrola_ph/en1_phtrans ... 
2023-02-08 05:34:10 +0000  796 bytes for ./espeak-data/mbrola_ph/en1_phtrans
2023-02-08 05:34:10 +0000  copying file ./espeak-data/mbrola_ph/de2_phtrans ... 
2023-02-08 05:34:10 +0000  1492 bytes for ./espeak-data/mbrola_ph/de2_phtrans
copying file ./espeak-data/mbrola_ph/af1_phtrans ... 
2023-02-08 05:34:10 +0000  1636 bytes for ./espeak-data/mbrola_ph/af1_phtrans
2023-02-08 05:34:10 +0000  copying file ./espeak-data/config ... 
2023-02-08 05:34:10 +0000  448 bytes for ./espeak-data/config
2023-02-08 05:34:10 +0000  copying file ./espeak-data/de_dict ... 
2023-02-08 05:34:10 +0000  20984 bytes for ./espeak-data/de_dict
copying file ./espeak-data/pl_dict ... 
2023-02-08 05:34:10 +0000  39696 bytes for ./espeak-data/pl_dict
2023-02-08 05:34:10 +0000  copying file ./espeak-data/ru_dict ... 
2023-02-08 05:34:10 +0000  5536 bytes for ./espeak-data/ru_dict
2023-02-08 05:34:10 +0000  copying file ./espeak-data/nci_dict ... 
2023-02-08 05:34:10 +0000  1534 bytes for ./espeak-data/nci_dict
copying file ./espeak-data/fi_dict ... 
2023-02-08 05:34:10 +0000  4471 bytes for ./espeak-data/fi_dict
2023-02-08 05:34:10 +0000  copying file ./espeak-data/ta_dict ... 
2023-02-08 05:34:10 +0000  32889 bytes for ./espeak-data/ta_dict
2023-02-08 05:34:10 +0000  copying file ./espeak-data/eo_dict ... 
2023-02-08 05:34:10 +0000  4718 bytes for ./espeak-data/eo_dict
2023-02-08 05:34:10 +0000  copying file ./espeak-data/ku_dict ... 
2023-02-08 05:34:10 +0000  2276 bytes for ./espeak-data/ku_dict
2023-02-08 05:34:10 +0000  copying file ./espeak-data/sk_dict ... 
2023-02-08 05:34:10 +0000  8902 bytes for ./espeak-data/sk_dict
2023-02-08 05:34:10 +0000  copying file ./espeak-data/pt_dict ... 
2023-02-08 05:34:10 +0000  14876 bytes for ./espeak-data/pt_dict
2023-02-08 05:34:10 +0000  copying file ./espeak-data/en_dict ... 
2023-02-08 05:34:10 +0000  86348 bytes for ./espeak-data/en_dict
2023-02-08 05:34:10 +0000  copying file ./espeak-data/zhy_dict ... 
2023-02-08 05:34:10 +0000  1556 bytes for ./espeak-data/zhy_dict
2023-02-08 05:34:10 +0000  copying file ./espeak-data/it_dict ... 
2023-02-08 05:34:10 +0000  43107 bytes for ./espeak-data/it_dict
2023-02-08 05:34:10 +0000  copying file ./espeak-data/phontab ... 
2023-02-08 05:34:10 +0000  28276 bytes for ./espeak-data/phontab
2023-02-08 05:34:10 +0000  copying file ./espeak-data/phondata ... 
2023-02-08 05:34:10 +0000  374632 bytes for ./espeak-data/phondata
2023-02-08 05:34:10 +0000  copying file ./espeak-data/cy_dict ... 
2023-02-08 05:34:10 +0000  3475 bytes for ./espeak-data/cy_dict
copying file ./espeak-data/sq_dict ... 
2023-02-08 05:34:10 +0000  3216 bytes for ./espeak-data/sq_dict
2023-02-08 05:34:10 +0000  copying file ./espeak-data/intonations ... 
2023-02-08 05:34:10 +0000  792 bytes for ./espeak-data/intonations
2023-02-08 05:34:10 +0000  copying file ./espeak-data/voices/sk ... 
2023-02-08 05:34:10 +0000  37 bytes for ./espeak-data/voices/sk
2023-02-08 05:34:10 +0000  copying file ./espeak-data/voices/sw ... 
2023-02-08 05:34:10 +0000  43 bytes for ./espeak-data/voices/sw
copying file ./espeak-data/voices/pl ... 
2023-02-08 05:34:10 +0000  50 bytes for ./espeak-data/voices/pl
2023-02-08 05:34:10 +0000  copying file ./espeak-data/voices/vi ... 
2023-02-08 05:34:10 +0000  64 bytes for ./espeak-data/voices/vi
2023-02-08 05:34:10 +0000  copying file ./espeak-data/voices/sq ... 
2023-02-08 05:34:10 +0000  115 bytes for ./espeak-data/voices/sq
copying file ./espeak-data/voices/sv ... 
2023-02-08 05:34:10 +0000  38 bytes for ./espeak-data/voices/sv
2023-02-08 05:34:10 +0000  copying file ./espeak-data/voices/!v/klatt ... 
2023-02-08 05:34:10 +0000  38 bytes for ./espeak-data/voices/!v/klatt
copying file ./espeak-data/voices/!v/m1 ... 
2023-02-08 05:34:10 +0000  335 bytes for ./espeak-data/voices/!v/m1
2023-02-08 05:34:10 +0000  copying file ./espeak-data/voices/!v/m6 ... 
2023-02-08 05:34:10 +0000  188 bytes for ./espeak-data/voices/!v/m6
copying file ./espeak-data/voices/!v/m7 ... 
2023-02-08 05:34:10 +0000  259 bytes for ./espeak-data/voices/!v/m7
copying file ./espeak-data/voices/!v/f4 ... 
2023-02-08 05:34:10 +0000  350 bytes for ./espeak-data/voices/!v/f4
2023-02-08 05:34:10 +0000  copying file ./espeak-data/voices/!v/f3 ... 
2023-02-08 05:34:10 +0000  375 bytes for ./espeak-data/voices/!v/f3
copying file ./espeak-data/voices/!v/f2 ... 
2023-02-08 05:34:10 +0000  357 bytes for ./espeak-data/voices/!v/f2
2023-02-08 05:34:10 +0000  copying file ./espeak-data/voices/!v/f5 ... 
2023-02-08 05:34:10 +0000  426 bytes for ./espeak-data/voices/!v/f5
copying file ./espeak-data/voices/!v/fast ... 
2023-02-08 05:34:10 +0000  270 bytes for ./espeak-data/voices/!v/fast
2023-02-08 05:34:10 +0000  copying file ./espeak-data/voices/!v/m5 ... 
2023-02-08 05:34:10 +0000  262 bytes for ./espeak-data/voices/!v/m5
copying file ./espeak-data/voices/!v/m2 ... 
2023-02-08 05:34:10 +0000  264 bytes for ./espeak-data/voices/!v/m2
2023-02-08 05:34:10 +0000  copying file ./espeak-data/voices/!v/m3 ... 
2023-02-08 05:34:10 +0000  285 bytes for ./espeak-data/voices/!v/m3
copying file ./espeak-data/voices/!v/m4 ... 
2023-02-08 05:34:10 +0000  290 bytes for ./espeak-data/voices/!v/m4
2023-02-08 05:34:10 +0000  copying file ./espeak-data/voices/!v/klatt2 ... 
2023-02-08 05:34:10 +0000  38 bytes for ./espeak-data/voices/!v/klatt2
copying file ./espeak-data/voices/!v/whisperf ... 
2023-02-08 05:34:10 +0000  392 bytes for ./espeak-data/voices/!v/whisperf
2023-02-08 05:34:10 +0000  copying file ./espeak-data/voices/!v/croak ... 
2023-02-08 05:34:10 +0000  93 bytes for ./espeak-data/voices/!v/croak
copying file ./espeak-data/voices/!v/f1 ... 
2023-02-08 05:34:10 +0000  321 bytes for ./espeak-data/voices/!v/f1
2023-02-08 05:34:10 +0000  copying file ./espeak-data/voices/!v/klatt3 ... 
2023-02-08 05:34:10 +0000  39 bytes for ./espeak-data/voices/!v/klatt3
copying file ./espeak-data/voices/!v/whisper ... 
2023-02-08 05:34:10 +0000  186 bytes for ./espeak-data/voices/!v/whisper
2023-02-08 05:34:10 +0000  copying file ./espeak-data/voices/zh-yue ... 
2023-02-08 05:34:10 +0000  195 bytes for ./espeak-data/voices/zh-yue
2023-02-08 05:34:10 +0000  copying file ./espeak-data/voices/hy ... 
2023-02-08 05:34:10 +0000  38 bytes for ./espeak-data/voices/hy
copying file ./espeak-data/voices/da ... 
2023-02-08 05:34:10 +0000  57 bytes for ./espeak-data/voices/da
2023-02-08 05:34:10 +0000  copying file ./espeak-data/voices/test/grc ... 
2023-02-08 05:34:10 +0000  110 bytes for ./espeak-data/voices/test/grc
2023-02-08 05:34:10 +0000  copying file ./espeak-data/voices/test/jbo ... 
2023-02-08 05:34:10 +0000  69 bytes for ./espeak-data/voices/test/jbo
copying file ./espeak-data/voices/test/pap ... 
2023-02-08 05:34:10 +0000  51 bytes for ./espeak-data/voices/test/pap
2023-02-08 05:34:10 +0000  copying file ./espeak-data/voices/test/nci ... 
2023-02-08 05:34:10 +0000  126 bytes for ./espeak-data/voices/test/nci
copying file ./espeak-data/voices/no ... 
2023-02-08 05:34:10 +0000  65 bytes for ./espeak-data/voices/no
2023-02-08 05:34:10 +0000  copying file ./espeak-data/voices/es-la ... 
173 bytes for ./espeak-data/voices/es-la
copying file ./espeak-data/voices/el ... 
2023-02-08 05:34:10 +0000  37 bytes for ./espeak-data/voices/el
copying file ./espeak-data/voices/lv ... 
2023-02-08 05:34:10 +0000  57 bytes for ./espeak-data/voices/lv
2023-02-08 05:34:10 +0000  copying file ./espeak-data/voices/it ... 
2023-02-08 05:34:10 +0000  54 bytes for ./espeak-data/voices/it
2023-02-08 05:34:10 +0000  copying file ./espeak-data/voices/ca ... 
2023-02-08 05:34:10 +0000  38 bytes for ./espeak-data/voices/ca
copying file ./espeak-data/voices/hy-west ... 
2023-02-08 05:34:10 +0000  306 bytes for ./espeak-data/voices/hy-west
2023-02-08 05:34:10 +0000  copying file ./espeak-data/voices/is ... 
2023-02-08 05:34:10 +0000  45 bytes for ./espeak-data/voices/is
copying file ./espeak-data/voices/cs ... 
2023-02-08 05:34:10 +0000  36 bytes for ./espeak-data/voices/cs
2023-02-08 05:34:10 +0000  copying file ./espeak-data/voices/ru ... 
2023-02-08 05:34:10 +0000  60 bytes for ./espeak-data/voices/ru
copying file ./espeak-data/voices/default ... 
2023-02-08 05:34:10 +0000  38 bytes for ./espeak-data/voices/default
2023-02-08 05:34:10 +0000  copying file ./espeak-data/voices/ro ... 
2023-02-08 05:34:10 +0000  40 bytes for ./espeak-data/voices/ro
copying file ./espeak-data/voices/pt ... 
2023-02-08 05:34:10 +0000  65 bytes for ./espeak-data/voices/pt
copying file ./espeak-data/voices/zh ... 
2023-02-08 05:34:10 +0000  594 bytes for ./espeak-data/voices/zh
2023-02-08 05:34:10 +0000  copying file ./espeak-data/voices/sr ... 
2023-02-08 05:34:10 +0000  277 bytes for ./espeak-data/voices/sr
2023-02-08 05:34:10 +0000  copying file ./espeak-data/voices/pt-pt ... 
2023-02-08 05:34:10 +0000  82 bytes for ./espeak-data/voices/pt-pt
copying file ./espeak-data/voices/ku ... 
2023-02-08 05:34:10 +0000  52 bytes for ./espeak-data/voices/ku
copying file ./espeak-data/voices/mk ... 
2023-02-08 05:34:10 +0000  46 bytes for ./espeak-data/voices/mk
2023-02-08 05:34:10 +0000  copying file ./espeak-data/voices/mb/mb-pt1 ... 
103 bytes for ./espeak-data/voices/mb/mb-pt1
copying file ./espeak-data/voices/mb/mb-nl2 ... 
2023-02-08 05:34:10 +0000  83 bytes for ./espeak-data/voices/mb/mb-nl2
copying file ./espeak-data/voices/mb/mb-tr2 ... 
2023-02-08 05:34:10 +0000  101 bytes for ./espeak-data/voices/mb/mb-tr2
2023-02-08 05:34:10 +0000  copying file ./espeak-data/voices/mb/mb-fr1-en ... 
2023-02-08 05:34:10 +0000  92 bytes for ./espeak-data/voices/mb/mb-fr1-en
copying file ./espeak-data/voices/mb/mb-de4 ... 
2023-02-08 05:34:10 +0000  72 bytes for ./espeak-data/voices/mb/mb-de4
2023-02-08 05:34:10 +0000  copying file ./espeak-data/voices/mb/mb-cz2 ... 
2023-02-08 05:34:10 +0000  82 bytes for ./espeak-data/voices/mb/mb-cz2
copying file ./espeak-data/voices/mb/mb-de2 ... 
2023-02-08 05:34:10 +0000  72 bytes for ./espeak-data/voices/mb/mb-de2
2023-02-08 05:34:10 +0000  copying file ./espeak-data/voices/mb/mb-es1 ... 
2023-02-08 05:34:10 +0000  85 bytes for ./espeak-data/voices/mb/mb-es1
copying file ./espeak-data/voices/mb/mb-de5 ... 
2023-02-08 05:34:10 +0000  192 bytes for ./espeak-data/voices/mb/mb-de5
2023-02-08 05:34:10 +0000  copying file ./espeak-data/voices/mb/mb-br3 ... 
2023-02-08 05:34:10 +0000  103 bytes for ./espeak-data/voices/mb/mb-br3
2023-02-08 05:34:10 +0000  copying file ./espeak-data/voices/mb/mb-fr4-en ... 
2023-02-08 05:34:10 +0000  95 bytes for ./espeak-data/voices/mb/mb-fr4-en
copying file ./espeak-data/voices/mb/mb-us3 ... 
2023-02-08 05:34:10 +0000  168 bytes for ./espeak-data/voices/mb/mb-us3
2023-02-08 05:34:10 +0000  copying file ./espeak-data/voices/mb/mb-br4 ... 
2023-02-08 05:34:10 +0000  107 bytes for ./espeak-data/voices/mb/mb-br4
2023-02-08 05:34:10 +0000  copying file ./espeak-data/voices/mb/mb-us2 ... 
2023-02-08 05:34:10 +0000  167 bytes for ./espeak-data/voices/mb/mb-us2
copying file ./espeak-data/voices/mb/mb-pl1 ... 
2023-02-08 05:34:10 +0000  87 bytes for ./espeak-data/voices/mb/mb-pl1
2023-02-08 05:34:10 +0000  copying file ./espeak-data/voices/mb/mb-id1 ... 
2023-02-08 05:34:10 +0000  89 bytes for ./espeak-data/voices/mb/mb-id1
2023-02-08 05:34:10 +0000  copying file ./espeak-data/voices/mb/mb-fr4 ... 
2023-02-08 05:34:10 +0000  100 bytes for ./espeak-data/voices/mb/mb-fr4
2023-02-08 05:34:10 +0000  copying file ./espeak-data/voices/mb/mb-sw1-en ... 
2023-02-08 05:34:10 +0000  80 bytes for ./espeak-data/voices/mb/mb-sw1-en
copying file ./espeak-data/voices/mb/mb-pl1-en ... 
2023-02-08 05:34:10 +0000  82 bytes for ./espeak-data/voices/mb/mb-pl1-en
2023-02-08 05:34:10 +0000  copying file ./espeak-data/voices/mb/mb-ic1 ... 
2023-02-08 05:34:10 +0000  74 bytes for ./espeak-data/voices/mb/mb-ic1
copying file ./espeak-data/voices/mb/mb-sw1 ... 
2023-02-08 05:34:10 +0000  85 bytes for ./espeak-data/voices/mb/mb-sw1
2023-02-08 05:34:10 +0000  copying file ./espeak-data/voices/mb/mb-af1 ... 
2023-02-08 05:34:10 +0000  88 bytes for ./espeak-data/voices/mb/mb-af1
2023-02-08 05:34:10 +0000  copying file ./espeak-data/voices/mb/mb-la1 ... 
2023-02-08 05:34:10 +0000  83 bytes for ./espeak-data/voices/mb/mb-la1
copying file ./espeak-data/voices/mb/mb-it4 ... 
2023-02-08 05:34:10 +0000  134 bytes for ./espeak-data/voices/mb/mb-it4
2023-02-08 05:34:10 +0000  copying file ./espeak-data/voices/mb/mb-it3 ... 
2023-02-08 05:34:10 +0000  131 bytes for ./espeak-data/voices/mb/mb-it3
copying file ./espeak-data/voices/mb/mb-af1-en ... 
2023-02-08 05:34:10 +0000  83 bytes for ./espeak-data/voices/mb/mb-af1-en
copying file ./espeak-data/voices/mb/mb-de6-grc ... 
2023-02-08 05:34:10 +0000  83 bytes for ./espeak-data/voices/mb/mb-de6-grc
copying file ./espeak-data/voices/mb/mb-cr1 ... 
114 bytes for ./espeak-data/voices/mb/mb-cr1
copying file ./espeak-data/voices/mb/mb-de7 ... 
2023-02-08 05:34:10 +0000  94 bytes for ./espeak-data/voices/mb/mb-de7
copying file ./espeak-data/voices/mb/mb-tr1 ... 
2023-02-08 05:34:10 +0000  85 bytes for ./espeak-data/voices/mb/mb-tr1
copying file ./espeak-data/voices/mb/mb-de6 ... 
78 bytes for ./espeak-data/voices/mb/mb-de6
copying file ./espeak-data/voices/mb/mb-es2 ... 
85 bytes for ./espeak-data/voices/mb/mb-es2
copying file ./espeak-data/voices/mb/mb-fr1 ... 
138 bytes for ./espeak-data/voices/mb/mb-fr1
copying file ./espeak-data/voices/mb/mb-nl2-en ... 
78 bytes for ./espeak-data/voices/mb/mb-nl2-en
copying file ./espeak-data/voices/mb/mb-ro1 ... 
87 bytes for ./espeak-data/voices/mb/mb-ro1
copying file ./espeak-data/voices/mb/mb-en1 ... 
101 bytes for ./espeak-data/voices/mb/mb-en1
copying file ./espeak-data/voices/mb/mb-br1 ... 
103 bytes for ./espeak-data/voices/mb/mb-br1
copying file ./espeak-data/voices/mb/mb-us1 ... 
170 bytes for ./espeak-data/voices/mb/mb-us1
copying file ./espeak-data/voices/mb/mb-sw2 ... 
89 bytes for ./espeak-data/voices/mb/mb-sw2
copying file ./espeak-data/voices/mb/mb-gr2-en ... 
77 bytes for ./espeak-data/voices/mb/mb-gr2-en
copying file ./espeak-data/voices/mb/mb-hu1 ... 
90 bytes for ./espeak-data/voices/mb/mb-hu1
copying file ./espeak-data/voices/mb/mb-sw2-en ... 
83 bytes for ./espeak-data/voices/mb/mb-sw2-en
copying file ./espeak-data/voices/mb/mb-de5-en ... 
88 bytes for ./espeak-data/voices/mb/mb-de5-en
copying file ./espeak-data/voices/mb/mb-ro1-en ... 
81 bytes for ./espeak-data/voices/mb/mb-ro1-en
copying file ./espeak-data/voices/mb/mb-gr2 ... 
83 bytes for ./espeak-data/voices/mb/mb-gr2
copying file ./espeak-data/voices/mb/mb-de4-en ... 
66 bytes for ./espeak-data/voices/mb/mb-de4-en
copying file ./espeak-data/voices/mb/mb-hu1-en ... 
85 bytes for ./espeak-data/voices/mb/mb-hu1-en
copying file ./espeak-data/voices/bs ... 
257 bytes for ./espeak-data/voices/bs
copying file ./espeak-data/voices/hr ... 
290 bytes for ./espeak-data/voices/hr
copying file ./espeak-data/voices/hu ... 
73 bytes for ./espeak-data/voices/hu
copying file ./espeak-data/voices/nl ... 
40 bytes for ./espeak-data/voices/nl
copying file ./espeak-data/voices/af ... 
67 bytes for ./espeak-data/voices/af
copying file ./espeak-data/voices/hi ... 
94 bytes for ./espeak-data/voices/hi
copying file ./espeak-data/voices/de ... 
38 bytes for ./espeak-data/voices/de
copying file ./espeak-data/voices/fi ... 
38 bytes for ./espeak-data/voices/fi
copying file ./espeak-data/voices/eo ... 
39 bytes for ./espeak-data/voices/eo
copying file ./espeak-data/voices/id ... 
151 bytes for ./espeak-data/voices/id
copying file ./espeak-data/voices/fr ... 
67 bytes for ./espeak-data/voices/fr
copying file ./espeak-data/voices/es ... 
64 bytes for ./espeak-data/voices/es
copying file ./espeak-data/voices/en/en-wi ... 
301 bytes for ./espeak-data/voices/en/en-wi
copying file ./espeak-data/voices/en/en-rp ... 
180 bytes for ./espeak-data/voices/en/en-rp
copying file ./espeak-data/voices/en/en-wm ... 
174 bytes for ./espeak-data/voices/en/en-wm
copying file ./espeak-data/voices/en/en ... 
124 bytes for ./espeak-data/voices/en/en
copying file ./espeak-data/voices/en/en-us ... 
280 bytes for ./espeak-data/voices/en/en-us
copying file ./espeak-data/voices/en/en-sc ... 
246 bytes for ./espeak-data/voices/en/en-sc
copying file ./espeak-data/voices/en/en-n ... 
202 bytes for ./espeak-data/voices/en/en-n
copying file ./espeak-data/voices/cy ... 
54 bytes for ./espeak-data/voices/cy
copying file ./espeak-data/voices/la ... 
298 bytes for ./espeak-data/voices/la
copying file ./espeak-data/voices/ta ... 
63 bytes for ./espeak-data/voices/ta
copying file ./espeak-data/voices/fr-be ... 
82 bytes for ./espeak-data/voices/fr-be
copying file ./espeak-data/voices/tr ... 
38 bytes for ./espeak-data/voices/tr
copying file ./espeak-data/fr_dict ... 
20680 bytes for ./espeak-data/fr_dict
copying file ./espeak-data/hbs_dict ... 
7363 bytes for ./espeak-data/hbs_dict
copying file ./espeak-data/el_dict ... 
4652 bytes for ./espeak-data/el_dict
copying file ./espeak-data/ro_dict ... 
26891 bytes for ./espeak-data/ro_dict
copying file ./espeak-data/hi_dict ... 
2023-02-08 05:34:10 +0000  6028 bytes for ./espeak-data/hi_dict
copying file ./espeak-data/ca_dict ... 
2023-02-08 05:34:10 +0000  4186 bytes for ./espeak-data/ca_dict
copying file ./espeak-data/vi_dict ... 
2023-02-08 05:34:10 +0000  5839 bytes for ./espeak-data/vi_dict
2023-02-08 05:34:10 +0000  copying file ./espeak-data/cs_dict ... 
2023-02-08 05:34:10 +0000  7737 bytes for ./espeak-data/cs_dict
copying file ./espeak-data/id_dict ... 
2023-02-08 05:34:10 +0000  3081 bytes for ./espeak-data/id_dict
2023-02-08 05:34:10 +0000  copying file ./espeak-data/no_dict ... 
2023-02-08 05:34:10 +0000  4181 bytes for ./espeak-data/no_dict
copying file ./espeak-data/lv_dict ... 
2023-02-08 05:34:10 +0000  12494 bytes for ./espeak-data/lv_dict
2023-02-08 05:34:10 +0000  copying file ./espeak-data/af_dict ... 
2023-02-08 05:34:10 +0000  79401 bytes for ./espeak-data/af_dict
2023-02-08 05:34:10 +0000  copying file ./espeak-data/sw_dict ... 
2023-02-08 05:34:10 +0000  3010 bytes for ./espeak-data/sw_dict
2023-02-08 05:34:10 +0000  copying file ./espeak-data/da_dict ... 
2023-02-08 05:34:10 +0000  155069 bytes for ./espeak-data/da_dict
2023-02-08 05:34:10 +0000  copying file ./espeak-data/sv_dict ... 
2023-02-08 05:34:10 +0000  9326 bytes for ./espeak-data/sv_dict
copying file ./espeak-data/es_dict ... 
2023-02-08 05:34:10 +0000  5534 bytes for ./espeak-data/es_dict
2023-02-08 05:34:10 +0000  copying file ./espeak-data/phonindex ... 
2023-02-08 05:34:10 +0000  16504 bytes for ./espeak-data/phonindex
2023-02-08 05:34:10 +0000  copying file ./QMSignedUsersVC.nib ... 
2023-02-08 05:34:10 +0000  10513 bytes for ./QMSignedUsersVC.nib
2023-02-08 05:34:10 +0000  copying file ./select.png ... 
2023-02-08 05:34:10 +0000  668 bytes for ./select.png
2023-02-08 05:34:10 +0000  copying file ./AppIcon29x29@2x~ipad.png ... 
2023-02-08 05:34:10 +0000  5629 bytes for ./AppIcon29x29@2x~ipad.png
copying file ./chktd.png ... 
2023-02-08 05:34:10 +0000  6612 bytes for ./chktd.png
2023-02-08 05:34:10 +0000  copying file ./IsSigned.png ... 
2023-02-08 05:34:10 +0000  3640 bytes for ./IsSigned.png
copying file ./AppIcon50x50@2x~ipad.png ... 
2023-02-08 05:34:10 +0000  10272 bytes for ./AppIcon50x50@2x~ipad.png
2023-02-08 05:34:10 +0000  copying file ./MessageListViewController.nib ... 
2023-02-08 05:34:10 +0000  1979 bytes for ./MessageListViewController.nib
copying file ./AppIcon40x40~ipad.png ... 
2023-02-08 05:34:10 +0000  3721 bytes for ./AppIcon40x40~ipad.png
2023-02-08 05:34:10 +0000  copying file ./AppIcon20x20~ipad.png ... 
2023-02-08 05:34:10 +0000  2115 bytes for ./AppIcon20x20~ipad.png
2023-02-08 05:34:10 +0000  copying file ./school1.png ... 
2023-02-08 05:34:10 +0000  4575 bytes for ./school1.png
2023-02-08 05:34:10 +0000  copying file ./Agreement.html ... 
2023-02-08 05:34:10 +0000  26566 bytes for ./Agreement.html
copying file ./CheckedActive.png ... 
2023-02-08 05:34:10 +0000  320 bytes for ./CheckedActive.png
2023-02-08 05:34:10 +0000  copying file ./drop-down-room.png ... 
2023-02-08 05:34:10 +0000  244 bytes for ./drop-down-room.png
2023-02-08 05:34:10 +0000  copying file ./EULA.htm ... 
2023-02-08 05:34:10 +0000  22205 bytes for ./EULA.htm
2023-02-08 05:34:10 +0000  copying file ./selected_focus.png ... 
2023-02-08 05:34:10 +0000  5248 bytes for ./selected_focus.png
2023-02-08 05:34:10 +0000  copying file ./embedded.mobileprovision ... 
2023-02-08 05:34:10 +0000  24222 bytes for ./embedded.mobileprovision
copying file ./unselected.png ... 
2023-02-08 05:34:10 +0000  3132 bytes for ./unselected.png
2023-02-08 05:34:10 +0000  copying file ./icon-map.png ... 
2023-02-08 05:34:10 +0000  45877 bytes for ./icon-map.png
2023-02-08 05:34:10 +0000  copying file ./barcode_new.png ... 
2023-02-08 05:34:10 +0000  6946 bytes for ./barcode_new.png
2023-02-08 05:34:10 +0000  copying file ./unselected_focus.png ... 
2023-02-08 05:34:10 +0000  4644 bytes for ./unselected_focus.png
2023-02-08 05:34:10 +0000  copying file ./SecondView.nib ... 
2023-02-08 05:34:10 +0000  5326 bytes for ./SecondView.nib
2023-02-08 05:34:10 +0000  copying file ./barcode.png ... 
2023-02-08 05:34:10 +0000  7313 bytes for ./barcode.png
2023-02-08 05:34:10 +0000  copying file ./LaunchScreen~ipad.storyboardc/Info-8.0+.plist ... 
2023-02-08 05:34:10 +0000  258 bytes for ./LaunchScreen~ipad.storyboardc/Info-8.0+.plist
2023-02-08 05:34:10 +0000  copying file ./LaunchScreen~ipad.storyboardc/Info.plist ... 
2023-02-08 05:34:10 +0000  258 bytes for ./LaunchScreen~ipad.storyboardc/Info.plist
copying file ./FirstView.nib ... 
2023-02-08 05:34:10 +0000  3405 bytes for ./FirstView.nib
2023-02-08 05:34:10 +0000  copying file ./yellowpin.png ... 
2023-02-08 05:34:10 +0000  5887 bytes for ./yellowpin.png
2023-02-08 05:34:10 +0000  copying file ./AppIcon20x20@2x~ipad.png ... 
2023-02-08 05:34:10 +0000  3721 bytes for ./AppIcon20x20@2x~ipad.png
copying file ./Info.plist ... 
2023-02-08 05:34:10 +0000  1858 bytes for ./Info.plist
2023-02-08 05:34:10 +0000  copying file ./all-room-btn.png ... 
2023-02-08 05:34:10 +0000  427 bytes for ./all-room-btn.png
copying file ./PkgInfo ... 
2023-02-08 05:34:10 +0000  8 bytes for ./PkgInfo
2023-02-08 05:34:10 +0000  copying file ./SignUpViewController.nib ... 
2023-02-08 05:34:10 +0000  8289 bytes for ./SignUpViewController.nib
2023-02-08 05:34:10 +0000  copying file ./cellback1.png ... 
2023-02-08 05:34:10 +0000  15821 bytes for ./cellback1.png
2023-02-08 05:34:10 +0000  copying file ./drop-down.png ... 
674 bytes for ./drop-down.png
copying file ./AppIcon76x76~ipad.png ... 
2023-02-08 05:34:10 +0000  5119 bytes for ./AppIcon76x76~ipad.png
2023-02-08 05:34:10 +0000  copying file ./BellRed.png ... 
2023-02-08 05:34:10 +0000  457 bytes for ./BellRed.png
2023-02-08 05:34:10 +0000  /usr/bin/ditto exited with 0
2023-02-08 05:34:10 +0000  Processing step: IDEDistributionEmbedProfileStep
2023-02-08 05:34:10 +0000  Processing step: IDEDistributionInfoPlistStep
2023-02-08 05:34:10 +0000  Skipping step: IDEDistributionInfoPlistStep because it said so
2023-02-08 05:34:10 +0000  Processing step: IDEDistributionAppThinningPlistStep
2023-02-08 05:34:10 +0000  Skipping step: IDEDistributionAppThinningPlistStep because it said so
2023-02-08 05:34:10 +0000  Processing step: IDEDistributionCompileBitcodeStep
2023-02-08 05:34:10 +0000  Skipping step: IDEDistributionCompileBitcodeStep because it said so
2023-02-08 05:34:10 +0000  Processing step: IDEDistributionCodeSlimmingStep
2023-02-08 05:34:10 +0000  Processing step: IDEDistributionCopyBCSymbolMapsStep
2023-02-08 05:34:10 +0000  Skipping step: IDEDistributionCopyBCSymbolMapsStep because it said so
2023-02-08 05:34:10 +0000  Processing step: IDEDistributionSymbolsStep
2023-02-08 05:34:10 +0000  Skipping step: IDEDistributionSymbolsStep because it said so
2023-02-08 05:34:10 +0000  Processing step: IDEDistributionAppThinningStep
2023-02-08 05:34:10 +0000  Skipping step: IDEDistributionAppThinningStep because it said so
2023-02-08 05:34:10 +0000  Processing step: IDEDistributionArchThinningStep
2023-02-08 05:34:10 +0000  Running /Users/beasimac/Downloads/Xcode 2.app/Contents/Developer/Toolchains/XcodeDefault.xctoolchain/usr/bin/lipo '/var/folders/87/dwqp79fs1mxf5fqvdmvbldv80000gn/T/XcodeDistPipeline.~~~U4pULH/Root/Payload/QManager Pro.app/QManager Pro' '-verify_arch' 'arm64e'
2023-02-08 05:34:10 +0000  /Users/beasimac/Downloads/Xcode 2.app/Contents/Developer/Toolchains/XcodeDefault.xctoolchain/usr/bin/lipo exited with 1
2023-02-08 05:34:10 +0000  Skipping architecture thinning for item "QManager Pro" because arch "arm64e" wasn't found
2023-02-08 05:34:10 +0000  Processing step: IDEDistributionODRStep
2023-02-08 05:34:10 +0000  Processing step: IDEDistributionStripXattrsStep
2023-02-08 05:34:10 +0000  Running /usr/bin/xattr '-crs' '/var/folders/87/dwqp79fs1mxf5fqvdmvbldv80000gn/T/XcodeDistPipeline.~~~U4pULH/Root/Payload/QManager Pro.app'
2023-02-08 05:34:10 +0000  /usr/bin/xattr exited with 0
2023-02-08 05:34:10 +0000  Processing step: IDEDistributionCodesignStep
2023-02-08 05:34:10 +0000  Entitlements for <IDEDistributionItem: 0x7ff28d153a10; bundleID='com.QuickQueues', path='<DVTFilePath:0x7ff29066e5b0:'/Users/beasimac/Library/Developer/Xcode/Archives/2023-02-08/QManager Pro 08-02-23, 11.02 AM.xcarchive/Products/Applications/QManager Pro.app'>', codeSigningInfo='<_DVTCodeSigningInformation_Path: 0x7ff24f609fd0; isSigned='1', isAdHocSigned='0', signingCertificate='<DVTSigningCertificate: 0x7ff28c6af630; name='Apple Development: Sudipta Sinha Roy (3G75DF43B8)', hash='2B0197E9438F99BCBAE59B974F6A8E3D3C9D5837', serialNumber='1AD54858DCA67ADC6752CCBFDE3B260C', certificateKinds='(
    "1.2.840.113635.100.6.1.12",
    "1.2.840.113635.100.6.1.2"
), issueDate='2023-02-06 05:34:28 +0000''>', entitlements='{
    "application-identifier" = "V5K9D2E87J.com.QuickQueues";
    "com.apple.developer.team-identifier" = PSZK2TU728;
    "get-task-allow" = 1;
}', teamID='PSZK2TU728', identifier='com.QuickQueues', executablePath='<DVTFilePath:0x7ff228be69c0:'/Users/beasimac/Library/Developer/Xcode/Archives/2023-02-08/QManager Pro 08-02-23, 11.02 AM.xcarchive/Products/Applications/QManager Pro.app/QManager Pro'>', hardenedRuntime='0'>'>: {
    "application-identifier" = "V5K9D2E87J.com.QuickQueues";
    "com.apple.developer.team-identifier" = PSZK2TU728;
    "get-task-allow" = 1;
}
2023-02-08 05:34:10 +0000  Entitlements for <IDEDistributionItem: 0x7ff28d153a10; bundleID='com.QuickQueues', path='<DVTFilePath:0x7ff29066e5b0:'/Users/beasimac/Library/Developer/Xcode/Archives/2023-02-08/QManager Pro 08-02-23, 11.02 AM.xcarchive/Products/Applications/QManager Pro.app'>', codeSigningInfo='<_DVTCodeSigningInformation_Path: 0x7ff24f609fd0; isSigned='1', isAdHocSigned='0', signingCertificate='<DVTSigningCertificate: 0x7ff25131d4b0; name='Apple Development: Sudipta Sinha Roy (3G75DF43B8)', hash='2B0197E9438F99BCBAE59B974F6A8E3D3C9D5837', serialNumber='1AD54858DCA67ADC6752CCBFDE3B260C', certificateKinds='(
    "1.2.840.113635.100.6.1.12",
    "1.2.840.113635.100.6.1.2"
), issueDate='2023-02-06 05:34:28 +0000''>', entitlements='{
    "application-identifier" = "V5K9D2E87J.com.QuickQueues";
    "com.apple.developer.team-identifier" = PSZK2TU728;
    "get-task-allow" = 1;
}', teamID='PSZK2TU728', identifier='com.QuickQueues', executablePath='<DVTFilePath:0x7ff228be69c0:'/Users/beasimac/Library/Developer/Xcode/Archives/2023-02-08/QManager Pro 08-02-23, 11.02 AM.xcarchive/Products/Applications/QManager Pro.app/QManager Pro'>', hardenedRuntime='0'>'> are: {
    "application-identifier" = "V5K9D2E87J.com.QuickQueues";
    "com.apple.developer.team-identifier" = PSZK2TU728;
    "get-task-allow" = 1;
}
2023-02-08 05:34:10 +0000  Writing entitlements for <IDEDistributionItem: 0x7ff28d153a10; bundleID='com.QuickQueues', path='<DVTFilePath:0x7ff29066e5b0:'/Users/beasimac/Library/Developer/Xcode/Archives/2023-02-08/QManager Pro 08-02-23, 11.02 AM.xcarchive/Products/Applications/QManager Pro.app'>', codeSigningInfo='<_DVTCodeSigningInformation_Path: 0x7ff24f609fd0; isSigned='1', isAdHocSigned='0', signingCertificate='<DVTSigningCertificate: 0x7ff24eaf69c0; name='Apple Development: Sudipta Sinha Roy (3G75DF43B8)', hash='2B0197E9438F99BCBAE59B974F6A8E3D3C9D5837', serialNumber='1AD54858DCA67ADC6752CCBFDE3B260C', certificateKinds='(
    "1.2.840.113635.100.6.1.12",
    "1.2.840.113635.100.6.1.2"
), issueDate='2023-02-06 05:34:28 +0000''>', entitlements='{
    "application-identifier" = "V5K9D2E87J.com.QuickQueues";
    "com.apple.developer.team-identifier" = PSZK2TU728;
    "get-task-allow" = 1;
}', teamID='PSZK2TU728', identifier='com.QuickQueues', executablePath='<DVTFilePath:0x7ff228be69c0:'/Users/beasimac/Library/Developer/Xcode/Archives/2023-02-08/QManager Pro 08-02-23, 11.02 AM.xcarchive/Products/Applications/QManager Pro.app/QManager Pro'>', hardenedRuntime='0'>'> to: /var/folders/87/dwqp79fs1mxf5fqvdmvbldv80000gn/T/XcodeDistPipeline.~~~U4pULH/entitlements~~~qH3e7x
2023-02-08 05:34:10 +0000  Running /usr/bin/codesign '-vvv' '--force' '--sign' '2B0197E9438F99BCBAE59B974F6A8E3D3C9D5837' '--entitlements' '/var/folders/87/dwqp79fs1mxf5fqvdmvbldv80000gn/T/XcodeDistPipeline.~~~U4pULH/entitlements~~~qH3e7x' '--generate-entitlement-der' '--preserve-metadata=identifier,flags,runtime' '/var/folders/87/dwqp79fs1mxf5fqvdmvbldv80000gn/T/XcodeDistPipeline.~~~U4pULH/Root/Payload/QManager Pro.app'
2023-02-08 05:34:10 +0000  /var/folders/87/dwqp79fs1mxf5fqvdmvbldv80000gn/T/XcodeDistPipeline.~~~U4pULH/Root/Payload/QManager Pro.app: replacing existing signature
2023-02-08 05:34:11 +0000  /var/folders/87/dwqp79fs1mxf5fqvdmvbldv80000gn/T/XcodeDistPipeline.~~~U4pULH/Root/Payload/QManager Pro.app: signed app bundle with Mach-O universal (armv7 arm64) [com.QuickQueues]
2023-02-08 05:34:11 +0000  /usr/bin/codesign exited with 0
2023-02-08 05:34:11 +0000  Processing step: IDEDistributionZipODRItemStep
2023-02-08 05:34:11 +0000  Skipping step: IDEDistributionZipODRItemStep because it said so
2023-02-08 05:34:11 +0000  Processing step: IDEDistributionCreateIPAStep
2023-02-08 05:34:11 +0000  Running /usr/bin/ditto '-V' '-c' '-k' '--norsrc' '/var/folders/87/dwqp79fs1mxf5fqvdmvbldv80000gn/T/XcodeDistPipeline.~~~U4pULH/Root' '/var/folders/87/dwqp79fs1mxf5fqvdmvbldv80000gn/T/XcodeDistPipeline.~~~U4pULH/Packages/QManager.ipa'
2023-02-08 05:34:11 +0000  >>> Copying /var/folders/87/dwqp79fs1mxf5fqvdmvbldv80000gn/T/XcodeDistPipeline.~~~U4pULH/Root 
2023-02-08 05:34:11 +0000  copying file ./Payload/QManager Pro.app/drop-down-room1.png ... 
2023-02-08 05:34:11 +0000  494 bytes for ./Payload/QManager Pro.app/drop-down-room1.png
copying file ./Payload/QManager Pro.app/_CodeSignature/CodeResources ... 
2023-02-08 05:34:11 +0000  94868 bytes for ./Payload/QManager Pro.app/_CodeSignature/CodeResources
copying file ./Payload/QManager Pro.app/down_arrow.png ... 
2023-02-08 05:34:11 +0000  142 bytes for ./Payload/QManager Pro.app/down_arrow.png
copying file ./Payload/QManager Pro.app/allschool-norm_back.png ... 
3217 bytes for ./Payload/QManager Pro.app/allschool-norm_back.png
copying file ./Payload/QManager Pro.app/PopUpViewController.nib ... 
2023-02-08 05:34:11 +0000  1011 bytes for ./Payload/QManager Pro.app/PopUpViewController.nib
copying file ./Payload/QManager Pro.app/tab_bg.png ... 
2023-02-08 05:34:11 +0000  45830 bytes for ./Payload/QManager Pro.app/tab_bg.png
copying file ./Payload/QManager Pro.app/mail-icon.png ... 
2023-02-08 05:34:11 +0000  1335 bytes for ./Payload/QManager Pro.app/mail-icon.png
copying file ./Payload/QManager Pro.app/CheckInactive.png ... 
116 bytes for ./Payload/QManager Pro.app/CheckInactive.png
copying file ./Payload/QManager Pro.app/en.lproj/InfoPlist.strings ... 
2023-02-08 05:34:11 +0000  42 bytes for ./Payload/QManager Pro.app/en.lproj/InfoPlist.strings
copying file ./Payload/QManager Pro.app/en.lproj/ViewController_iPad.nib ... 
980 bytes for ./Payload/QManager Pro.app/en.lproj/ViewController_iPad.nib
copying file ./Payload/QManager Pro.app/en.lproj/ViewController_iPhone.nib ... 
2023-02-08 05:34:11 +0000  2965 bytes for ./Payload/QManager Pro.app/en.lproj/ViewController_iPhone.nib
copying file ./Payload/QManager Pro.app/Signed.png ... 
2023-02-08 05:34:11 +0000  4787 bytes for ./Payload/QManager Pro.app/Signed.png
copying file ./Payload/QManager Pro.app/MainWindow.nib ... 
2346 bytes for ./Payload/QManager Pro.app/MainWindow.nib
copying file ./Payload/QManager Pro.app/zbar-helpicons.png ... 
2023-02-08 05:34:11 +0000  22384 bytes for ./Payload/QManager Pro.app/zbar-helpicons.png
copying file ./Payload/QManager Pro.app/ParentMsgPopup.nib ... 
2023-02-08 05:34:11 +0000  2985 bytes for ./Payload/QManager Pro.app/ParentMsgPopup.nib
copying file ./Payload/QManager Pro.app/Second_ViewTableCell.nib ... 
2023-02-08 05:34:11 +0000  8539 bytes for ./Payload/QManager Pro.app/Second_ViewTableCell.nib
copying file ./Payload/QManager Pro.app/AgreementVC.nib ... 
2023-02-08 05:34:11 +0000  1235 bytes for ./Payload/QManager Pro.app/AgreementVC.nib
copying file ./Payload/QManager Pro.app/zbar-samples.png ... 
2023-02-08 05:34:11 +0000  1312 bytes for ./Payload/QManager Pro.app/zbar-samples.png
copying file ./Payload/QManager Pro.app/CustomCell.nib ... 
2023-02-08 05:34:11 +0000  5042 bytes for ./Payload/QManager Pro.app/CustomCell.nib
copying file ./Payload/QManager Pro.app/newSignatureAlert.mp3 ... 
2023-02-08 05:34:11 +0000  33880 bytes for ./Payload/QManager Pro.app/newSignatureAlert.mp3
copying file ./Payload/QManager Pro.app/qmanager-logo1.jpg ... 
2023-02-08 05:34:11 +0000  18062 bytes for ./Payload/QManager Pro.app/qmanager-logo1.jpg
copying file ./Payload/QManager Pro.app/QManager Pro ... 
2023-02-08 05:34:11 +0000  2680704 bytes for ./Payload/QManager Pro.app/QManager Pro
2023-02-08 05:34:11 +0000  copying file ./Payload/QManager Pro.app/Dot.png ... 
3620 bytes for ./Payload/QManager Pro.app/Dot.png
copying file ./Payload/QManager Pro.app/GreenDot.png ... 
782 bytes for ./Payload/QManager Pro.app/GreenDot.png
copying file ./Payload/QManager Pro.app/QManager for Schools.entitlements ... 
299 bytes for ./Payload/QManager Pro.app/QManager for Schools.entitlements
copying file ./Payload/QManager Pro.app/AppIcon72x72@2x~ipad.png ... 
2023-02-08 05:34:11 +0000  16145 bytes for ./Payload/QManager Pro.app/AppIcon72x72@2x~ipad.png
copying file ./Payload/QManager Pro.app/BellGreen.png ... 
2023-02-08 05:34:11 +0000  321 bytes for ./Payload/QManager Pro.app/BellGreen.png
copying file ./Payload/QManager Pro.app/arrowA.png ... 
4203 bytes for ./Payload/QManager Pro.app/arrowA.png
copying file ./Payload/QManager Pro.app/zbar-help.html ... 
3383 bytes for ./Payload/QManager Pro.app/zbar-help.html
copying file ./Payload/QManager Pro.app/cellback.png ... 
21542 bytes for ./Payload/QManager Pro.app/cellback.png
copying file ./Payload/QManager Pro.app/qmanager_logo_iPad@2x.png ... 
2023-02-08 05:34:11 +0000  9164 bytes for ./Payload/QManager Pro.app/qmanager_logo_iPad@2x.png
copying file ./Payload/QManager Pro.app/Login.nib ... 
2023-02-08 05:34:11 +0000  7352 bytes for ./Payload/QManager Pro.app/Login.nib
2023-02-08 05:34:11 +0000  copying file ./Payload/QManager Pro.app/logo-76.png ... 
4202 bytes for ./Payload/QManager Pro.app/logo-76.png
copying file ./Payload/QManager Pro.app/RollCallViewController.nib ... 
2023-02-08 05:34:11 +0000  6361 bytes for ./Payload/QManager Pro.app/RollCallViewController.nib
copying file ./Payload/QManager Pro.app/AppIcon29x29~ipad.png ... 
2023-02-08 05:34:11 +0000  2816 bytes for ./Payload/QManager Pro.app/AppIcon29x29~ipad.png
copying file ./Payload/QManager Pro.app/MessageTableViewCell~ipad.nib/runtime.nib ... 
2023-02-08 05:34:11 +0000  3541 bytes for ./Payload/QManager Pro.app/MessageTableViewCell~ipad.nib/runtime.nib
copying file ./Payload/QManager Pro.app/MessageTableViewCell~ipad.nib/objects-8.0+.nib ... 
2023-02-08 05:34:11 +0000  3541 bytes for ./Payload/QManager Pro.app/MessageTableViewCell~ipad.nib/objects-8.0+.nib
2023-02-08 05:34:11 +0000  copying file ./Payload/QManager Pro.app/all-room-btn2.png ... 
1242 bytes for ./Payload/QManager Pro.app/all-room-btn2.png
copying file ./Payload/QManager Pro.app/zbar-back.png ... 
2023-02-08 05:34:11 +0000  319 bytes for ./Payload/QManager Pro.app/zbar-back.png
copying file ./Payload/QManager Pro.app/redback.png ... 
2023-02-08 05:34:11 +0000  108189 bytes for ./Payload/QManager Pro.app/redback.png
copying file ./Payload/QManager Pro.app/GoogleService-Info.plist ... 
2023-02-08 05:34:11 +0000  723 bytes for ./Payload/QManager Pro.app/GoogleService-Info.plist
copying file ./Payload/QManager Pro.app/selected.png ... 
3864 bytes for ./Payload/QManager Pro.app/selected.png
2023-02-08 05:34:11 +0000  copying file ./Payload/QManager Pro.app/arrowD.png ... 
1554 bytes for ./Payload/QManager Pro.app/arrowD.png
copying file ./Payload/QManager Pro.app/barcode1.png ... 
2023-02-08 05:34:11 +0000  4331 bytes for ./Payload/QManager Pro.app/barcode1.png
copying file ./Payload/QManager Pro.app/qmanager_logo_2@2x.png ... 
2023-02-08 05:34:11 +0000  60351 bytes for ./Payload/QManager Pro.app/qmanager_logo_2@2x.png
copying file ./Payload/QManager Pro.app/Un_chk-1.png ... 
2023-02-08 05:34:11 +0000  5152 bytes for ./Payload/QManager Pro.app/Un_chk-1.png
copying file ./Payload/QManager Pro.app/icon_map.png ... 
842 bytes for ./Payload/QManager Pro.app/icon_map.png
copying file ./Payload/QManager Pro.app/loginCTA.png ... 
2023-02-08 05:34:11 +0000  11408 bytes for ./Payload/QManager Pro.app/loginCTA.png
copying file ./Payload/QManager Pro.app/grayframe.png ... 
2023-02-08 05:34:11 +0000  3162 bytes for ./Payload/QManager Pro.app/grayframe.png
copying file ./Payload/QManager Pro.app/Assets.car ... 
2023-02-08 05:34:11 +0000  614111 bytes for ./Payload/QManager Pro.app/Assets.car
copying file ./Payload/QManager Pro.app/AppIcon40x40@2x~ipad.png ... 
2023-02-08 05:34:11 +0000  8080 bytes for ./Payload/QManager Pro.app/AppIcon40x40@2x~ipad.png
copying file ./Payload/QManager Pro.app/logo.png ... 
10605 bytes for ./Payload/QManager Pro.app/logo.png
copying file ./Payload/QManager Pro.app/AppIcon76x76@2x~ipad.png ... 
2023-02-08 05:34:11 +0000  10908 bytes for ./Payload/QManager Pro.app/AppIcon76x76@2x~ipad.png
copying file ./Payload/QManager Pro.app/AppIcon72x72~ipad.png ... 
2023-02-08 05:34:11 +0000  7697 bytes for ./Payload/QManager Pro.app/AppIcon72x72~ipad.png
copying file ./Payload/QManager Pro.app/qmanager_logo_2.png ... 
2023-02-08 05:34:11 +0000  24963 bytes for ./Payload/QManager Pro.app/qmanager_logo_2.png
copying file ./Payload/QManager Pro.app/qmanager_logo_iPad.png ... 
2023-02-08 05:34:11 +0000  4793 bytes for ./Payload/QManager Pro.app/qmanager_logo_iPad.png
copying file ./Payload/QManager Pro.app/ThirdViewController.nib ... 
2023-02-08 05:34:11 +0000  9713 bytes for ./Payload/QManager Pro.app/ThirdViewController.nib
copying file ./Payload/QManager Pro.app/barcode_popup.png ... 
2023-02-08 05:34:11 +0000  6813 bytes for ./Payload/QManager Pro.app/barcode_popup.png
copying file ./Payload/QManager Pro.app/QueueManager.png ... 
2023-02-08 05:34:11 +0000  9369 bytes for ./Payload/QManager Pro.app/QueueManager.png
2023-02-08 05:34:11 +0000  copying file ./Payload/QManager Pro.app/CustomerDetails.xml ... 
0 bytes for ./Payload/QManager Pro.app/CustomerDetails.xml
copying file ./Payload/QManager Pro.app/menu-icon.png ... 
2023-02-08 05:34:11 +0000  3737 bytes for ./Payload/QManager Pro.app/menu-icon.png
copying file ./Payload/QManager Pro.app/AppIcon83.5x83.5@2x~ipad.png ... 
2023-02-08 05:34:11 +0000  16829 bytes for ./Payload/QManager Pro.app/AppIcon83.5x83.5@2x~ipad.png
2023-02-08 05:34:11 +0000  copying file ./Payload/QManager Pro.app/RoomListViewController.nib ... 
2023-02-08 05:34:11 +0000  3160 bytes for ./Payload/QManager Pro.app/RoomListViewController.nib
copying file ./Payload/QManager Pro.app/logo-76@2x.png ... 
2023-02-08 05:34:11 +0000  9991 bytes for ./Payload/QManager Pro.app/logo-76@2x.png
copying file ./Payload/QManager Pro.app/Customcell_iPad.nib ... 
2023-02-08 05:34:11 +0000  5491 bytes for ./Payload/QManager Pro.app/Customcell_iPad.nib
copying file ./Payload/QManager Pro.app/location.png ... 
2023-02-08 05:34:11 +0000  1953 bytes for ./Payload/QManager Pro.app/location.png
copying file ./Payload/QManager Pro.app/LaunchScreen.storyboardc/UIViewController-01J-lp-oVM~ipad.nib/runtime.nib ... 
2023-02-08 05:34:11 +0000  896 bytes for ./Payload/QManager Pro.app/LaunchScreen.storyboardc/UIViewController-01J-lp-oVM~ipad.nib/runtime.nib
copying file ./Payload/QManager Pro.app/LaunchScreen.storyboardc/UIViewController-01J-lp-oVM~ipad.nib/objects-8.0+.nib ... 
896 bytes for ./Payload/QManager Pro.app/LaunchScreen.storyboardc/UIViewController-01J-lp-oVM~ipad.nib/objects-8.0+.nib
2023-02-08 05:34:11 +0000  copying file ./Payload/QManager Pro.app/LaunchScreen.storyboardc/01J-lp-oVM-view-Ze5-6b-2t3~ipad.nib/runtime.nib ... 
2023-02-08 05:34:11 +0000  3552 bytes for ./Payload/QManager Pro.app/LaunchScreen.storyboardc/01J-lp-oVM-view-Ze5-6b-2t3~ipad.nib/runtime.nib
copying file ./Payload/QManager Pro.app/LaunchScreen.storyboardc/01J-lp-oVM-view-Ze5-6b-2t3~ipad.nib/objects-8.0+.nib ... 
2023-02-08 05:34:11 +0000  3552 bytes for ./Payload/QManager Pro.app/LaunchScreen.storyboardc/01J-lp-oVM-view-Ze5-6b-2t3~ipad.nib/objects-8.0+.nib
copying file ./Payload/QManager Pro.app/pin2 copy.png ... 
2023-02-08 05:34:11 +0000  18673 bytes for ./Payload/QManager Pro.app/pin2 copy.png
2023-02-08 05:34:11 +0000  copying file ./Payload/QManager Pro.app/mail-icon@2x.png ... 
2552 bytes for ./Payload/QManager Pro.app/mail-icon@2x.png
copying file ./Payload/QManager Pro.app/AppIcon50x50~ipad.png ... 
2023-02-08 05:34:11 +0000  4831 bytes for ./Payload/QManager Pro.app/AppIcon50x50~ipad.png
copying file ./Payload/QManager Pro.app/Signature.nib ... 
2023-02-08 05:34:11 +0000  9029 bytes for ./Payload/QManager Pro.app/Signature.nib
copying file ./Payload/QManager Pro.app/map-icon.png ... 
2023-02-08 05:34:11 +0000  4728 bytes for ./Payload/QManager Pro.app/map-icon.png
copying file ./Payload/QManager Pro.app/espeak-data/hy_dict ... 
2469 bytes for ./Payload/QManager Pro.app/espeak-data/hy_dict
copying file ./Payload/QManager Pro.app/espeak-data/zh_dict ... 
2023-02-08 05:34:11 +0000  41830 bytes for ./Payload/QManager Pro.app/espeak-data/zh_dict
copying file ./Payload/QManager Pro.app/espeak-data/tr_dict ... 
2023-02-08 05:34:11 +0000  4788 bytes for ./Payload/QManager Pro.app/espeak-data/tr_dict
copying file ./Payload/QManager Pro.app/espeak-data/mk_dict ... 
2023-02-08 05:34:11 +0000  4948 bytes for ./Payload/QManager Pro.app/espeak-data/mk_dict
copying file ./Payload/QManager Pro.app/espeak-data/hu_dict ... 
2023-02-08 05:34:11 +0000  28613 bytes for ./Payload/QManager Pro.app/espeak-data/hu_dict
copying file ./Payload/QManager Pro.app/espeak-data/pap_dict ... 
2023-02-08 05:34:11 +0000  2134 bytes for ./Payload/QManager Pro.app/espeak-data/pap_dict
copying file ./Payload/QManager Pro.app/espeak-data/is_dict ... 
2023-02-08 05:34:11 +0000  5484 bytes for ./Payload/QManager Pro.app/espeak-data/is_dict
copying file ./Payload/QManager Pro.app/espeak-data/la_dict ... 
2023-02-08 05:34:11 +0000  3823 bytes for ./Payload/QManager Pro.app/espeak-data/la_dict
copying file ./Payload/QManager Pro.app/espeak-data/nl_dict ... 
2023-02-08 05:34:11 +0000  10874 bytes for ./Payload/QManager Pro.app/espeak-data/nl_dict
copying file ./Payload/QManager Pro.app/espeak-data/grc_dict ... 
2023-02-08 05:34:11 +0000  3390 bytes for ./Payload/QManager Pro.app/espeak-data/grc_dict
copying file ./Payload/QManager Pro.app/espeak-data/jbo_dict ... 
2023-02-08 05:34:11 +0000  2060 bytes for ./Payload/QManager Pro.app/espeak-data/jbo_dict
copying file ./Payload/QManager Pro.app/espeak-data/mbrola_ph/hu1_phtrans ... 
2023-02-08 05:34:11 +0000  1420 bytes for ./Payload/QManager Pro.app/espeak-data/mbrola_ph/hu1_phtrans
copying file ./Payload/QManager Pro.app/espeak-data/mbrola_ph/ca1_phtrans ... 
2023-02-08 05:34:11 +0000  1372 bytes for ./Payload/QManager Pro.app/espeak-data/mbrola_ph/ca1_phtrans
copying file ./Payload/QManager Pro.app/espeak-data/mbrola_ph/pt1_phtrans ... 
2092 bytes for ./Payload/QManager Pro.app/espeak-data/mbrola_ph/pt1_phtrans
copying file ./Payload/QManager Pro.app/espeak-data/mbrola_ph/it3_phtrans ... 
2023-02-08 05:34:11 +0000  892 bytes for ./Payload/QManager Pro.app/espeak-data/mbrola_ph/it3_phtrans
copying file ./Payload/QManager Pro.app/espeak-data/mbrola_ph/es_phtrans ... 
2023-02-08 05:34:11 +0000  1708 bytes for ./Payload/QManager Pro.app/espeak-data/mbrola_ph/es_phtrans
copying file ./Payload/QManager Pro.app/espeak-data/mbrola_ph/sv2_phtrans ... 
1564 bytes for ./Payload/QManager Pro.app/espeak-data/mbrola_ph/sv2_phtrans
copying file ./Payload/QManager Pro.app/espeak-data/mbrola_ph/de6_phtrans ... 
2023-02-08 05:34:11 +0000  1252 bytes for ./Payload/QManager Pro.app/espeak-data/mbrola_ph/de6_phtrans
copying file ./Payload/QManager Pro.app/espeak-data/mbrola_ph/cs_phtrans ... 
580 bytes for ./Payload/QManager Pro.app/espeak-data/mbrola_ph/cs_phtrans
copying file ./Payload/QManager Pro.app/espeak-data/mbrola_ph/pl1_phtrans ... 
2023-02-08 05:34:11 +0000  1564 bytes for ./Payload/QManager Pro.app/espeak-data/mbrola_ph/pl1_phtrans
copying file ./Payload/QManager Pro.app/espeak-data/mbrola_ph/sv_phtrans ... 
2023-02-08 05:34:11 +0000  1564 bytes for ./Payload/QManager Pro.app/espeak-data/mbrola_ph/sv_phtrans
copying file ./Payload/QManager Pro.app/espeak-data/mbrola_ph/de4_phtrans ... 
1636 bytes for ./Payload/QManager Pro.app/espeak-data/mbrola_ph/de4_phtrans
copying file ./Payload/QManager Pro.app/espeak-data/mbrola_ph/cr1_phtrans ... 
2023-02-08 05:34:11 +0000  2164 bytes for ./Payload/QManager Pro.app/espeak-data/mbrola_ph/cr1_phtrans
copying file ./Payload/QManager Pro.app/espeak-data/mbrola_ph/grc-de6_phtrans ... 
2023-02-08 05:34:11 +0000  484 bytes for ./Payload/QManager Pro.app/espeak-data/mbrola_ph/grc-de6_phtrans
copying file ./Payload/QManager Pro.app/espeak-data/mbrola_ph/nl_phtrans ... 
2023-02-08 05:34:11 +0000  1612 bytes for ./Payload/QManager Pro.app/espeak-data/mbrola_ph/nl_phtrans
copying file ./Payload/QManager Pro.app/espeak-data/mbrola_ph/ro1_phtrans ... 
2023-02-08 05:34:11 +0000  2164 bytes for ./Payload/QManager Pro.app/espeak-data/mbrola_ph/ro1_phtrans
copying file ./Payload/QManager Pro.app/espeak-data/mbrola_ph/la1_phtrans ... 
748 bytes for ./Payload/QManager Pro.app/espeak-data/mbrola_ph/la1_phtrans
copying file ./Payload/QManager Pro.app/espeak-data/mbrola_ph/pt_phtrans ... 
2023-02-08 05:34:11 +0000  2092 bytes for ./Payload/QManager Pro.app/espeak-data/mbrola_ph/pt_phtrans
copying file ./Payload/QManager Pro.app/espeak-data/mbrola_ph/gr2_phtrans ... 
2023-02-08 05:34:11 +0000  2212 bytes for ./Payload/QManager Pro.app/espeak-data/mbrola_ph/gr2_phtrans
copying file ./Payload/QManager Pro.app/espeak-data/mbrola_ph/in1_phtrans ... 
1252 bytes for ./Payload/QManager Pro.app/espeak-data/mbrola_ph/in1_phtrans
copying file ./Payload/QManager Pro.app/espeak-data/mbrola_ph/id1_phtrans ... 
2023-02-08 05:34:11 +0000  892 bytes for ./Payload/QManager Pro.app/espeak-data/mbrola_ph/id1_phtrans
copying file ./Payload/QManager Pro.app/espeak-data/mbrola_ph/ptbr_phtrans ... 
2023-02-08 05:34:11 +0000  2500 bytes for ./Payload/QManager Pro.app/espeak-data/mbrola_ph/ptbr_phtrans
copying file ./Payload/QManager Pro.app/espeak-data/mbrola_ph/fr1_phtrans ... 
2023-02-08 05:34:11 +0000  1900 bytes for ./Payload/QManager Pro.app/espeak-data/mbrola_ph/fr1_phtrans
copying file ./Payload/QManager Pro.app/espeak-data/mbrola_ph/ic1_phtrans ... 
2023-02-08 05:34:11 +0000  1132 bytes for ./Payload/QManager Pro.app/espeak-data/mbrola_ph/ic1_phtrans
copying file ./Payload/QManager Pro.app/espeak-data/mbrola_ph/tr1_phtrans ... 
364 bytes for ./Payload/QManager Pro.app/espeak-data/mbrola_ph/tr1_phtrans
copying file ./Payload/QManager Pro.app/espeak-data/mbrola_ph/us_phtrans ... 
2023-02-08 05:34:11 +0000  1084 bytes for ./Payload/QManager Pro.app/espeak-data/mbrola_ph/us_phtrans
copying file ./Payload/QManager Pro.app/espeak-data/mbrola_ph/ptbr4_phtrans ... 
2356 bytes for ./Payload/QManager Pro.app/espeak-data/mbrola_ph/ptbr4_phtrans
copying file ./Payload/QManager Pro.app/espeak-data/mbrola_ph/us3_phtrans ... 
2023-02-08 05:34:11 +0000  1012 bytes for ./Payload/QManager Pro.app/espeak-data/mbrola_ph/us3_phtrans
copying file ./Payload/QManager Pro.app/espeak-data/mbrola_ph/en1_phtrans ... 
796 bytes for ./Payload/QManager Pro.app/espeak-data/mbrola_ph/en1_phtrans
copying file ./Payload/QManager Pro.app/espeak-data/mbrola_ph/de2_phtrans ... 
2023-02-08 05:34:11 +0000  1492 bytes for ./Payload/QManager Pro.app/espeak-data/mbrola_ph/de2_phtrans
copying file ./Payload/QManager Pro.app/espeak-data/mbrola_ph/af1_phtrans ... 
2023-02-08 05:34:11 +0000  1636 bytes for ./Payload/QManager Pro.app/espeak-data/mbrola_ph/af1_phtrans
copying file ./Payload/QManager Pro.app/espeak-data/config ... 
2023-02-08 05:34:11 +0000  448 bytes for ./Payload/QManager Pro.app/espeak-data/config
copying file ./Payload/QManager Pro.app/espeak-data/de_dict ... 
2023-02-08 05:34:11 +0000  20984 bytes for ./Payload/QManager Pro.app/espeak-data/de_dict
copying file ./Payload/QManager Pro.app/espeak-data/pl_dict ... 
2023-02-08 05:34:11 +0000  39696 bytes for ./Payload/QManager Pro.app/espeak-data/pl_dict
copying file ./Payload/QManager Pro.app/espeak-data/ru_dict ... 
2023-02-08 05:34:11 +0000  5536 bytes for ./Payload/QManager Pro.app/espeak-data/ru_dict
2023-02-08 05:34:11 +0000  copying file ./Payload/QManager Pro.app/espeak-data/nci_dict ... 
1534 bytes for ./Payload/QManager Pro.app/espeak-data/nci_dict
copying file ./Payload/QManager Pro.app/espeak-data/fi_dict ... 
2023-02-08 05:34:11 +0000  4471 bytes for ./Payload/QManager Pro.app/espeak-data/fi_dict
copying file ./Payload/QManager Pro.app/espeak-data/ta_dict ... 
2023-02-08 05:34:11 +0000  32889 bytes for ./Payload/QManager Pro.app/espeak-data/ta_dict
copying file ./Payload/QManager Pro.app/espeak-data/eo_dict ... 
2023-02-08 05:34:11 +0000  4718 bytes for ./Payload/QManager Pro.app/espeak-data/eo_dict
copying file ./Payload/QManager Pro.app/espeak-data/ku_dict ... 
2023-02-08 05:34:11 +0000  2276 bytes for ./Payload/QManager Pro.app/espeak-data/ku_dict
copying file ./Payload/QManager Pro.app/espeak-data/sk_dict ... 
2023-02-08 05:34:11 +0000  8902 bytes for ./Payload/QManager Pro.app/espeak-data/sk_dict
copying file ./Payload/QManager Pro.app/espeak-data/pt_dict ... 
2023-02-08 05:34:11 +0000  14876 bytes for ./Payload/QManager Pro.app/espeak-data/pt_dict
copying file ./Payload/QManager Pro.app/espeak-data/en_dict ... 
2023-02-08 05:34:11 +0000  86348 bytes for ./Payload/QManager Pro.app/espeak-data/en_dict
copying file ./Payload/QManager Pro.app/espeak-data/zhy_dict ... 
2023-02-08 05:34:11 +0000  1556 bytes for ./Payload/QManager Pro.app/espeak-data/zhy_dict
copying file ./Payload/QManager Pro.app/espeak-data/it_dict ... 
2023-02-08 05:34:11 +0000  43107 bytes for ./Payload/QManager Pro.app/espeak-data/it_dict
copying file ./Payload/QManager Pro.app/espeak-data/phontab ... 
2023-02-08 05:34:11 +0000  28276 bytes for ./Payload/QManager Pro.app/espeak-data/phontab
copying file ./Payload/QManager Pro.app/espeak-data/phondata ... 
2023-02-08 05:34:11 +0000  374632 bytes for ./Payload/QManager Pro.app/espeak-data/phondata
copying file ./Payload/QManager Pro.app/espeak-data/cy_dict ... 
2023-02-08 05:34:11 +0000  3475 bytes for ./Payload/QManager Pro.app/espeak-data/cy_dict
copying file ./Payload/QManager Pro.app/espeak-data/sq_dict ... 
3216 bytes for ./Payload/QManager Pro.app/espeak-data/sq_dict
copying file ./Payload/QManager Pro.app/espeak-data/intonations ... 
792 bytes for ./Payload/QManager Pro.app/espeak-data/intonations
copying file ./Payload/QManager Pro.app/espeak-data/voices/sk ... 
2023-02-08 05:34:11 +0000  37 bytes for ./Payload/QManager Pro.app/espeak-data/voices/sk
copying file ./Payload/QManager Pro.app/espeak-data/voices/sw ... 
43 bytes for ./Payload/QManager Pro.app/espeak-data/voices/sw
copying file ./Payload/QManager Pro.app/espeak-data/voices/pl ... 
50 bytes for ./Payload/QManager Pro.app/espeak-data/voices/pl
copying file ./Payload/QManager Pro.app/espeak-data/voices/vi ... 
2023-02-08 05:34:11 +0000  64 bytes for ./Payload/QManager Pro.app/espeak-data/voices/vi
copying file ./Payload/QManager Pro.app/espeak-data/voices/sq ... 
115 bytes for ./Payload/QManager Pro.app/espeak-data/voices/sq
copying file ./Payload/QManager Pro.app/espeak-data/voices/sv ... 
38 bytes for ./Payload/QManager Pro.app/espeak-data/voices/sv
2023-02-08 05:34:11 +0000  copying file ./Payload/QManager Pro.app/espeak-data/voices/!v/klatt ... 
38 bytes for ./Payload/QManager Pro.app/espeak-data/voices/!v/klatt
copying file ./Payload/QManager Pro.app/espeak-data/voices/!v/m1 ... 
2023-02-08 05:34:11 +0000  335 bytes for ./Payload/QManager Pro.app/espeak-data/voices/!v/m1
copying file ./Payload/QManager Pro.app/espeak-data/voices/!v/m6 ... 
188 bytes for ./Payload/QManager Pro.app/espeak-data/voices/!v/m6
copying file ./Payload/QManager Pro.app/espeak-data/voices/!v/m7 ... 
259 bytes for ./Payload/QManager Pro.app/espeak-data/voices/!v/m7
copying file ./Payload/QManager Pro.app/espeak-data/voices/!v/f4 ... 
2023-02-08 05:34:11 +0000  350 bytes for ./Payload/QManager Pro.app/espeak-data/voices/!v/f4
copying file ./Payload/QManager Pro.app/espeak-data/voices/!v/f3 ... 
375 bytes for ./Payload/QManager Pro.app/espeak-data/voices/!v/f3
copying file ./Payload/QManager Pro.app/espeak-data/voices/!v/f2 ... 
357 bytes for ./Payload/QManager Pro.app/espeak-data/voices/!v/f2
copying file ./Payload/QManager Pro.app/espeak-data/voices/!v/f5 ... 
2023-02-08 05:34:11 +0000  426 bytes for ./Payload/QManager Pro.app/espeak-data/voices/!v/f5
copying file ./Payload/QManager Pro.app/espeak-data/voices/!v/fast ... 
270 bytes for ./Payload/QManager Pro.app/espeak-data/voices/!v/fast
copying file ./Payload/QManager Pro.app/espeak-data/voices/!v/m5 ... 
2023-02-08 05:34:11 +0000  262 bytes for ./Payload/QManager Pro.app/espeak-data/voices/!v/m5
copying file ./Payload/QManager Pro.app/espeak-data/voices/!v/m2 ... 
264 bytes for ./Payload/QManager Pro.app/espeak-data/voices/!v/m2
copying file ./Payload/QManager Pro.app/espeak-data/voices/!v/m3 ... 
285 bytes for ./Payload/QManager Pro.app/espeak-data/voices/!v/m3
copying file ./Payload/QManager Pro.app/espeak-data/voices/!v/m4 ... 
2023-02-08 05:34:11 +0000  290 bytes for ./Payload/QManager Pro.app/espeak-data/voices/!v/m4
copying file ./Payload/QManager Pro.app/espeak-data/voices/!v/klatt2 ... 
38 bytes for ./Payload/QManager Pro.app/espeak-data/voices/!v/klatt2
copying file ./Payload/QManager Pro.app/espeak-data/voices/!v/whisperf ... 
392 bytes for ./Payload/QManager Pro.app/espeak-data/voices/!v/whisperf
copying file ./Payload/QManager Pro.app/espeak-data/voices/!v/croak ... 
2023-02-08 05:34:11 +0000  93 bytes for ./Payload/QManager Pro.app/espeak-data/voices/!v/croak
copying file ./Payload/QManager Pro.app/espeak-data/voices/!v/f1 ... 
321 bytes for ./Payload/QManager Pro.app/espeak-data/voices/!v/f1
copying file ./Payload/QManager Pro.app/espeak-data/voices/!v/klatt3 ... 
39 bytes for ./Payload/QManager Pro.app/espeak-data/voices/!v/klatt3
2023-02-08 05:34:11 +0000  copying file ./Payload/QManager Pro.app/espeak-data/voices/!v/whisper ... 
186 bytes for ./Payload/QManager Pro.app/espeak-data/voices/!v/whisper
copying file ./Payload/QManager Pro.app/espeak-data/voices/zh-yue ... 
195 bytes for ./Payload/QManager Pro.app/espeak-data/voices/zh-yue
copying file ./Payload/QManager Pro.app/espeak-data/voices/hy ... 
2023-02-08 05:34:11 +0000  38 bytes for ./Payload/QManager Pro.app/espeak-data/voices/hy
copying file ./Payload/QManager Pro.app/espeak-data/voices/da ... 
57 bytes for ./Payload/QManager Pro.app/espeak-data/voices/da
copying file ./Payload/QManager Pro.app/espeak-data/voices/test/grc ... 
2023-02-08 05:34:11 +0000  110 bytes for ./Payload/QManager Pro.app/espeak-data/voices/test/grc
copying file ./Payload/QManager Pro.app/espeak-data/voices/test/jbo ... 
69 bytes for ./Payload/QManager Pro.app/espeak-data/voices/test/jbo
copying file ./Payload/QManager Pro.app/espeak-data/voices/test/pap ... 
51 bytes for ./Payload/QManager Pro.app/espeak-data/voices/test/pap
copying file ./Payload/QManager Pro.app/espeak-data/voices/test/nci ... 
2023-02-08 05:34:11 +0000  126 bytes for ./Payload/QManager Pro.app/espeak-data/voices/test/nci
copying file ./Payload/QManager Pro.app/espeak-data/voices/no ... 
65 bytes for ./Payload/QManager Pro.app/espeak-data/voices/no
copying file ./Payload/QManager Pro.app/espeak-data/voices/es-la ... 
2023-02-08 05:34:11 +0000  173 bytes for ./Payload/QManager Pro.app/espeak-data/voices/es-la
copying file ./Payload/QManager Pro.app/espeak-data/voices/el ... 
37 bytes for ./Payload/QManager Pro.app/espeak-data/voices/el
copying file ./Payload/QManager Pro.app/espeak-data/voices/lv ... 
2023-02-08 05:34:11 +0000  57 bytes for ./Payload/QManager Pro.app/espeak-data/voices/lv
copying file ./Payload/QManager Pro.app/espeak-data/voices/it ... 
54 bytes for ./Payload/QManager Pro.app/espeak-data/voices/it
copying file ./Payload/QManager Pro.app/espeak-data/voices/ca ... 
38 bytes for ./Payload/QManager Pro.app/espeak-data/voices/ca
2023-02-08 05:34:11 +0000  copying file ./Payload/QManager Pro.app/espeak-data/voices/hy-west ... 
306 bytes for ./Payload/QManager Pro.app/espeak-data/voices/hy-west
copying file ./Payload/QManager Pro.app/espeak-data/voices/is ... 
45 bytes for ./Payload/QManager Pro.app/espeak-data/voices/is
copying file ./Payload/QManager Pro.app/espeak-data/voices/cs ... 
2023-02-08 05:34:11 +0000  36 bytes for ./Payload/QManager Pro.app/espeak-data/voices/cs
copying file ./Payload/QManager Pro.app/espeak-data/voices/ru ... 
60 bytes for ./Payload/QManager Pro.app/espeak-data/voices/ru
copying file ./Payload/QManager Pro.app/espeak-data/voices/default ... 
38 bytes for ./Payload/QManager Pro.app/espeak-data/voices/default
copying file ./Payload/QManager Pro.app/espeak-data/voices/ro ... 
2023-02-08 05:34:11 +0000  40 bytes for ./Payload/QManager Pro.app/espeak-data/voices/ro
copying file ./Payload/QManager Pro.app/espeak-data/voices/pt ... 
65 bytes for ./Payload/QManager Pro.app/espeak-data/voices/pt
copying file ./Payload/QManager Pro.app/espeak-data/voices/zh ... 
594 bytes for ./Payload/QManager Pro.app/espeak-data/voices/zh
copying file ./Payload/QManager Pro.app/espeak-data/voices/sr ... 
2023-02-08 05:34:11 +0000  277 bytes for ./Payload/QManager Pro.app/espeak-data/voices/sr
copying file ./Payload/QManager Pro.app/espeak-data/voices/pt-pt ... 
82 bytes for ./Payload/QManager Pro.app/espeak-data/voices/pt-pt
copying file ./Payload/QManager Pro.app/espeak-data/voices/ku ... 
2023-02-08 05:34:11 +0000  52 bytes for ./Payload/QManager Pro.app/espeak-data/voices/ku
copying file ./Payload/QManager Pro.app/espeak-data/voices/mk ... 
46 bytes for ./Payload/QManager Pro.app/espeak-data/voices/mk
copying file ./Payload/QManager Pro.app/espeak-data/voices/mb/mb-pt1 ... 
2023-02-08 05:34:11 +0000  103 bytes for ./Payload/QManager Pro.app/espeak-data/voices/mb/mb-pt1
copying file ./Payload/QManager Pro.app/espeak-data/voices/mb/mb-nl2 ... 
83 bytes for ./Payload/QManager Pro.app/espeak-data/voices/mb/mb-nl2
copying file ./Payload/QManager Pro.app/espeak-data/voices/mb/mb-tr2 ... 
101 bytes for ./Payload/QManager Pro.app/espeak-data/voices/mb/mb-tr2
copying file ./Payload/QManager Pro.app/espeak-data/voices/mb/mb-fr1-en ... 
2023-02-08 05:34:11 +0000  92 bytes for ./Payload/QManager Pro.app/espeak-data/voices/mb/mb-fr1-en
copying file ./Payload/QManager Pro.app/espeak-data/voices/mb/mb-de4 ... 
72 bytes for ./Payload/QManager Pro.app/espeak-data/voices/mb/mb-de4
copying file ./Payload/QManager Pro.app/espeak-data/voices/mb/mb-cz2 ... 
82 bytes for ./Payload/QManager Pro.app/espeak-data/voices/mb/mb-cz2
copying file ./Payload/QManager Pro.app/espeak-data/voices/mb/mb-de2 ... 
2023-02-08 05:34:11 +0000  72 bytes for ./Payload/QManager Pro.app/espeak-data/voices/mb/mb-de2
copying file ./Payload/QManager Pro.app/espeak-data/voices/mb/mb-es1 ... 
85 bytes for ./Payload/QManager Pro.app/espeak-data/voices/mb/mb-es1
copying file ./Payload/QManager Pro.app/espeak-data/voices/mb/mb-de5 ... 
192 bytes for ./Payload/QManager Pro.app/espeak-data/voices/mb/mb-de5
2023-02-08 05:34:11 +0000  copying file ./Payload/QManager Pro.app/espeak-data/voices/mb/mb-br3 ... 
103 bytes for ./Payload/QManager Pro.app/espeak-data/voices/mb/mb-br3
copying file ./Payload/QManager Pro.app/espeak-data/voices/mb/mb-fr4-en ... 
95 bytes for ./Payload/QManager Pro.app/espeak-data/voices/mb/mb-fr4-en
copying file ./Payload/QManager Pro.app/espeak-data/voices/mb/mb-us3 ... 
2023-02-08 05:34:11 +0000  168 bytes for ./Payload/QManager Pro.app/espeak-data/voices/mb/mb-us3
copying file ./Payload/QManager Pro.app/espeak-data/voices/mb/mb-br4 ... 
107 bytes for ./Payload/QManager Pro.app/espeak-data/voices/mb/mb-br4
copying file ./Payload/QManager Pro.app/espeak-data/voices/mb/mb-us2 ... 
167 bytes for ./Payload/QManager Pro.app/espeak-data/voices/mb/mb-us2
copying file ./Payload/QManager Pro.app/espeak-data/voices/mb/mb-pl1 ... 
2023-02-08 05:34:11 +0000  87 bytes for ./Payload/QManager Pro.app/espeak-data/voices/mb/mb-pl1
copying file ./Payload/QManager Pro.app/espeak-data/voices/mb/mb-id1 ... 
89 bytes for ./Payload/QManager Pro.app/espeak-data/voices/mb/mb-id1
copying file ./Payload/QManager Pro.app/espeak-data/voices/mb/mb-fr4 ... 
100 bytes for ./Payload/QManager Pro.app/espeak-data/voices/mb/mb-fr4
2023-02-08 05:34:11 +0000  copying file ./Payload/QManager Pro.app/espeak-data/voices/mb/mb-sw1-en ... 
80 bytes for ./Payload/QManager Pro.app/espeak-data/voices/mb/mb-sw1-en
copying file ./Payload/QManager Pro.app/espeak-data/voices/mb/mb-pl1-en ... 
82 bytes for ./Payload/QManager Pro.app/espeak-data/voices/mb/mb-pl1-en
copying file ./Payload/QManager Pro.app/espeak-data/voices/mb/mb-ic1 ... 
2023-02-08 05:34:11 +0000  74 bytes for ./Payload/QManager Pro.app/espeak-data/voices/mb/mb-ic1
copying file ./Payload/QManager Pro.app/espeak-data/voices/mb/mb-sw1 ... 
85 bytes for ./Payload/QManager Pro.app/espeak-data/voices/mb/mb-sw1
copying file ./Payload/QManager Pro.app/espeak-data/voices/mb/mb-af1 ... 
88 bytes for ./Payload/QManager Pro.app/espeak-data/voices/mb/mb-af1
copying file ./Payload/QManager Pro.app/espeak-data/voices/mb/mb-la1 ... 
2023-02-08 05:34:11 +0000  83 bytes for ./Payload/QManager Pro.app/espeak-data/voices/mb/mb-la1
copying file ./Payload/QManager Pro.app/espeak-data/voices/mb/mb-it4 ... 
134 bytes for ./Payload/QManager Pro.app/espeak-data/voices/mb/mb-it4
copying file ./Payload/QManager Pro.app/espeak-data/voices/mb/mb-it3 ... 
2023-02-08 05:34:11 +0000  131 bytes for ./Payload/QManager Pro.app/espeak-data/voices/mb/mb-it3
copying file ./Payload/QManager Pro.app/espeak-data/voices/mb/mb-af1-en ... 
83 bytes for ./Payload/QManager Pro.app/espeak-data/voices/mb/mb-af1-en
copying file ./Payload/QManager Pro.app/espeak-data/voices/mb/mb-de6-grc ... 
83 bytes for ./Payload/QManager Pro.app/espeak-data/voices/mb/mb-de6-grc
2023-02-08 05:34:11 +0000  copying file ./Payload/QManager Pro.app/espeak-data/voices/mb/mb-cr1 ... 
114 bytes for ./Payload/QManager Pro.app/espeak-data/voices/mb/mb-cr1
copying file ./Payload/QManager Pro.app/espeak-data/voices/mb/mb-de7 ... 
94 bytes for ./Payload/QManager Pro.app/espeak-data/voices/mb/mb-de7
copying file ./Payload/QManager Pro.app/espeak-data/voices/mb/mb-tr1 ... 
2023-02-08 05:34:11 +0000  85 bytes for ./Payload/QManager Pro.app/espeak-data/voices/mb/mb-tr1
copying file ./Payload/QManager Pro.app/espeak-data/voices/mb/mb-de6 ... 
78 bytes for ./Payload/QManager Pro.app/espeak-data/voices/mb/mb-de6
copying file ./Payload/QManager Pro.app/espeak-data/voices/mb/mb-es2 ... 
2023-02-08 05:34:11 +0000  85 bytes for ./Payload/QManager Pro.app/espeak-data/voices/mb/mb-es2
copying file ./Payload/QManager Pro.app/espeak-data/voices/mb/mb-fr1 ... 
138 bytes for ./Payload/QManager Pro.app/espeak-data/voices/mb/mb-fr1
copying file ./Payload/QManager Pro.app/espeak-data/voices/mb/mb-nl2-en ... 
2023-02-08 05:34:11 +0000  78 bytes for ./Payload/QManager Pro.app/espeak-data/voices/mb/mb-nl2-en
copying file ./Payload/QManager Pro.app/espeak-data/voices/mb/mb-ro1 ... 
87 bytes for ./Payload/QManager Pro.app/espeak-data/voices/mb/mb-ro1
copying file ./Payload/QManager Pro.app/espeak-data/voices/mb/mb-en1 ... 
2023-02-08 05:34:11 +0000  101 bytes for ./Payload/QManager Pro.app/espeak-data/voices/mb/mb-en1
copying file ./Payload/QManager Pro.app/espeak-data/voices/mb/mb-br1 ... 
103 bytes for ./Payload/QManager Pro.app/espeak-data/voices/mb/mb-br1
copying file ./Payload/QManager Pro.app/espeak-data/voices/mb/mb-us1 ... 
2023-02-08 05:34:11 +0000  170 bytes for ./Payload/QManager Pro.app/espeak-data/voices/mb/mb-us1
copying file ./Payload/QManager Pro.app/espeak-data/voices/mb/mb-sw2 ... 
89 bytes for ./Payload/QManager Pro.app/espeak-data/voices/mb/mb-sw2
copying file ./Payload/QManager Pro.app/espeak-data/voices/mb/mb-gr2-en ... 
77 bytes for ./Payload/QManager Pro.app/espeak-data/voices/mb/mb-gr2-en
2023-02-08 05:34:11 +0000  copying file ./Payload/QManager Pro.app/espeak-data/voices/mb/mb-hu1 ... 
90 bytes for ./Payload/QManager Pro.app/espeak-data/voices/mb/mb-hu1
copying file ./Payload/QManager Pro.app/espeak-data/voices/mb/mb-sw2-en ... 
83 bytes for ./Payload/QManager Pro.app/espeak-data/voices/mb/mb-sw2-en
copying file ./Payload/QManager Pro.app/espeak-data/voices/mb/mb-de5-en ... 
2023-02-08 05:34:11 +0000  88 bytes for ./Payload/QManager Pro.app/espeak-data/voices/mb/mb-de5-en
copying file ./Payload/QManager Pro.app/espeak-data/voices/mb/mb-ro1-en ... 
81 bytes for ./Payload/QManager Pro.app/espeak-data/voices/mb/mb-ro1-en
copying file ./Payload/QManager Pro.app/espeak-data/voices/mb/mb-gr2 ... 
83 bytes for ./Payload/QManager Pro.app/espeak-data/voices/mb/mb-gr2
2023-02-08 05:34:11 +0000  copying file ./Payload/QManager Pro.app/espeak-data/voices/mb/mb-de4-en ... 
66 bytes for ./Payload/QManager Pro.app/espeak-data/voices/mb/mb-de4-en
copying file ./Payload/QManager Pro.app/espeak-data/voices/mb/mb-hu1-en ... 
85 bytes for ./Payload/QManager Pro.app/espeak-data/voices/mb/mb-hu1-en
copying file ./Payload/QManager Pro.app/espeak-data/voices/bs ... 
2023-02-08 05:34:11 +0000  257 bytes for ./Payload/QManager Pro.app/espeak-data/voices/bs
copying file ./Payload/QManager Pro.app/espeak-data/voices/hr ... 
290 bytes for ./Payload/QManager Pro.app/espeak-data/voices/hr
copying file ./Payload/QManager Pro.app/espeak-data/voices/hu ... 
2023-02-08 05:34:11 +0000  73 bytes for ./Payload/QManager Pro.app/espeak-data/voices/hu
copying file ./Payload/QManager Pro.app/espeak-data/voices/nl ... 
40 bytes for ./Payload/QManager Pro.app/espeak-data/voices/nl
copying file ./Payload/QManager Pro.app/espeak-data/voices/af ... 
67 bytes for ./Payload/QManager Pro.app/espeak-data/voices/af
2023-02-08 05:34:11 +0000  copying file ./Payload/QManager Pro.app/espeak-data/voices/hi ... 
94 bytes for ./Payload/QManager Pro.app/espeak-data/voices/hi
copying file ./Payload/QManager Pro.app/espeak-data/voices/de ... 
38 bytes for ./Payload/QManager Pro.app/espeak-data/voices/de
copying file ./Payload/QManager Pro.app/espeak-data/voices/fi ... 
2023-02-08 05:34:11 +0000  38 bytes for ./Payload/QManager Pro.app/espeak-data/voices/fi
copying file ./Payload/QManager Pro.app/espeak-data/voices/eo ... 
39 bytes for ./Payload/QManager Pro.app/espeak-data/voices/eo
copying file ./Payload/QManager Pro.app/espeak-data/voices/id ... 
151 bytes for ./Payload/QManager Pro.app/espeak-data/voices/id
2023-02-08 05:34:11 +0000  copying file ./Payload/QManager Pro.app/espeak-data/voices/fr ... 
67 bytes for ./Payload/QManager Pro.app/espeak-data/voices/fr
copying file ./Payload/QManager Pro.app/espeak-data/voices/es ... 
64 bytes for ./Payload/QManager Pro.app/espeak-data/voices/es
2023-02-08 05:34:11 +0000  copying file ./Payload/QManager Pro.app/espeak-data/voices/en/en-wi ... 
301 bytes for ./Payload/QManager Pro.app/espeak-data/voices/en/en-wi
copying file ./Payload/QManager Pro.app/espeak-data/voices/en/en-rp ... 
180 bytes for ./Payload/QManager Pro.app/espeak-data/voices/en/en-rp
2023-02-08 05:34:11 +0000  copying file ./Payload/QManager Pro.app/espeak-data/voices/en/en-wm ... 
174 bytes for ./Payload/QManager Pro.app/espeak-data/voices/en/en-wm
copying file ./Payload/QManager Pro.app/espeak-data/voices/en/en ... 
124 bytes for ./Payload/QManager Pro.app/espeak-data/voices/en/en
copying file ./Payload/QManager Pro.app/espeak-data/voices/en/en-us ... 
2023-02-08 05:34:11 +0000  280 bytes for ./Payload/QManager Pro.app/espeak-data/voices/en/en-us
copying file ./Payload/QManager Pro.app/espeak-data/voices/en/en-sc ... 
246 bytes for ./Payload/QManager Pro.app/espeak-data/voices/en/en-sc
copying file ./Payload/QManager Pro.app/espeak-data/voices/en/en-n ... 
2023-02-08 05:34:11 +0000  202 bytes for ./Payload/QManager Pro.app/espeak-data/voices/en/en-n
copying file ./Payload/QManager Pro.app/espeak-data/voices/cy ... 
54 bytes for ./Payload/QManager Pro.app/espeak-data/voices/cy
copying file ./Payload/QManager Pro.app/espeak-data/voices/la ... 
2023-02-08 05:34:11 +0000  298 bytes for ./Payload/QManager Pro.app/espeak-data/voices/la
copying file ./Payload/QManager Pro.app/espeak-data/voices/ta ... 
63 bytes for ./Payload/QManager Pro.app/espeak-data/voices/ta
copying file ./Payload/QManager Pro.app/espeak-data/voices/fr-be ... 
82 bytes for ./Payload/QManager Pro.app/espeak-data/voices/fr-be
2023-02-08 05:34:11 +0000  copying file ./Payload/QManager Pro.app/espeak-data/voices/tr ... 
38 bytes for ./Payload/QManager Pro.app/espeak-data/voices/tr
copying file ./Payload/QManager Pro.app/espeak-data/fr_dict ... 
2023-02-08 05:34:11 +0000  20680 bytes for ./Payload/QManager Pro.app/espeak-data/fr_dict
copying file ./Payload/QManager Pro.app/espeak-data/hbs_dict ... 
2023-02-08 05:34:11 +0000  7363 bytes for ./Payload/QManager Pro.app/espeak-data/hbs_dict
copying file ./Payload/QManager Pro.app/espeak-data/el_dict ... 
2023-02-08 05:34:11 +0000  4652 bytes for ./Payload/QManager Pro.app/espeak-data/el_dict
copying file ./Payload/QManager Pro.app/espeak-data/ro_dict ... 
2023-02-08 05:34:11 +0000  26891 bytes for ./Payload/QManager Pro.app/espeak-data/ro_dict
copying file ./Payload/QManager Pro.app/espeak-data/hi_dict ... 
2023-02-08 05:34:11 +0000  6028 bytes for ./Payload/QManager Pro.app/espeak-data/hi_dict
copying file ./Payload/QManager Pro.app/espeak-data/ca_dict ... 
2023-02-08 05:34:11 +0000  4186 bytes for ./Payload/QManager Pro.app/espeak-data/ca_dict
copying file ./Payload/QManager Pro.app/espeak-data/vi_dict ... 
2023-02-08 05:34:11 +0000  5839 bytes for ./Payload/QManager Pro.app/espeak-data/vi_dict
copying file ./Payload/QManager Pro.app/espeak-data/cs_dict ... 
2023-02-08 05:34:11 +0000  7737 bytes for ./Payload/QManager Pro.app/espeak-data/cs_dict
copying file ./Payload/QManager Pro.app/espeak-data/id_dict ... 
2023-02-08 05:34:11 +0000  3081 bytes for ./Payload/QManager Pro.app/espeak-data/id_dict
copying file ./Payload/QManager Pro.app/espeak-data/no_dict ... 
2023-02-08 05:34:11 +0000  4181 bytes for ./Payload/QManager Pro.app/espeak-data/no_dict
copying file ./Payload/QManager Pro.app/espeak-data/lv_dict ... 
2023-02-08 05:34:11 +0000  12494 bytes for ./Payload/QManager Pro.app/espeak-data/lv_dict
2023-02-08 05:34:11 +0000  copying file ./Payload/QManager Pro.app/espeak-data/af_dict ... 
2023-02-08 05:34:11 +0000  79401 bytes for ./Payload/QManager Pro.app/espeak-data/af_dict
copying file ./Payload/QManager Pro.app/espeak-data/sw_dict ... 
2023-02-08 05:34:11 +0000  3010 bytes for ./Payload/QManager Pro.app/espeak-data/sw_dict
copying file ./Payload/QManager Pro.app/espeak-data/da_dict ... 
2023-02-08 05:34:11 +0000  155069 bytes for ./Payload/QManager Pro.app/espeak-data/da_dict
copying file ./Payload/QManager Pro.app/espeak-data/sv_dict ... 
2023-02-08 05:34:11 +0000  9326 bytes for ./Payload/QManager Pro.app/espeak-data/sv_dict
copying file ./Payload/QManager Pro.app/espeak-data/es_dict ... 
2023-02-08 05:34:11 +0000  5534 bytes for ./Payload/QManager Pro.app/espeak-data/es_dict
copying file ./Payload/QManager Pro.app/espeak-data/phonindex ... 
2023-02-08 05:34:11 +0000  16504 bytes for ./Payload/QManager Pro.app/espeak-data/phonindex
2023-02-08 05:34:11 +0000  copying file ./Payload/QManager Pro.app/QMSignedUsersVC.nib ... 
2023-02-08 05:34:11 +0000  10513 bytes for ./Payload/QManager Pro.app/QMSignedUsersVC.nib
copying file ./Payload/QManager Pro.app/select.png ... 
2023-02-08 05:34:11 +0000  668 bytes for ./Payload/QManager Pro.app/select.png
copying file ./Payload/QManager Pro.app/AppIcon29x29@2x~ipad.png ... 
2023-02-08 05:34:11 +0000  5629 bytes for ./Payload/QManager Pro.app/AppIcon29x29@2x~ipad.png
copying file ./Payload/QManager Pro.app/chktd.png ... 
6612 bytes for ./Payload/QManager Pro.app/chktd.png
copying file ./Payload/QManager Pro.app/IsSigned.png ... 
2023-02-08 05:34:11 +0000  3640 bytes for ./Payload/QManager Pro.app/IsSigned.png
copying file ./Payload/QManager Pro.app/AppIcon50x50@2x~ipad.png ... 
2023-02-08 05:34:11 +0000  10272 bytes for ./Payload/QManager Pro.app/AppIcon50x50@2x~ipad.png
copying file ./Payload/QManager Pro.app/MessageListViewController.nib ... 
2023-02-08 05:34:11 +0000  1979 bytes for ./Payload/QManager Pro.app/MessageListViewController.nib
copying file ./Payload/QManager Pro.app/AppIcon40x40~ipad.png ... 
3721 bytes for ./Payload/QManager Pro.app/AppIcon40x40~ipad.png
copying file ./Payload/QManager Pro.app/AppIcon20x20~ipad.png ... 
2023-02-08 05:34:11 +0000  2115 bytes for ./Payload/QManager Pro.app/AppIcon20x20~ipad.png
copying file ./Payload/QManager Pro.app/school1.png ... 
2023-02-08 05:34:11 +0000  4575 bytes for ./Payload/QManager Pro.app/school1.png
copying file ./Payload/QManager Pro.app/Agreement.html ... 
2023-02-08 05:34:11 +0000  26566 bytes for ./Payload/QManager Pro.app/Agreement.html
copying file ./Payload/QManager Pro.app/CheckedActive.png ... 
2023-02-08 05:34:11 +0000  320 bytes for ./Payload/QManager Pro.app/CheckedActive.png
copying file ./Payload/QManager Pro.app/drop-down-room.png ... 
244 bytes for ./Payload/QManager Pro.app/drop-down-room.png
copying file ./Payload/QManager Pro.app/EULA.htm ... 
2023-02-08 05:34:11 +0000  22205 bytes for ./Payload/QManager Pro.app/EULA.htm
copying file ./Payload/QManager Pro.app/selected_focus.png ... 
2023-02-08 05:34:11 +0000  5248 bytes for ./Payload/QManager Pro.app/selected_focus.png
copying file ./Payload/QManager Pro.app/embedded.mobileprovision ... 
2023-02-08 05:34:11 +0000  24222 bytes for ./Payload/QManager Pro.app/embedded.mobileprovision
copying file ./Payload/QManager Pro.app/unselected.png ... 
2023-02-08 05:34:11 +0000  3132 bytes for ./Payload/QManager Pro.app/unselected.png
copying file ./Payload/QManager Pro.app/icon-map.png ... 
2023-02-08 05:34:11 +0000  45877 bytes for ./Payload/QManager Pro.app/icon-map.png
copying file ./Payload/QManager Pro.app/barcode_new.png ... 
2023-02-08 05:34:11 +0000  6946 bytes for ./Payload/QManager Pro.app/barcode_new.png
copying file ./Payload/QManager Pro.app/unselected_focus.png ... 
2023-02-08 05:34:11 +0000  4644 bytes for ./Payload/QManager Pro.app/unselected_focus.png
copying file ./Payload/QManager Pro.app/SecondView.nib ... 
2023-02-08 05:34:11 +0000  5326 bytes for ./Payload/QManager Pro.app/SecondView.nib
copying file ./Payload/QManager Pro.app/barcode.png ... 
2023-02-08 05:34:11 +0000  7313 bytes for ./Payload/QManager Pro.app/barcode.png
2023-02-08 05:34:11 +0000  copying file ./Payload/QManager Pro.app/LaunchScreen~ipad.storyboardc/Info-8.0+.plist ... 
258 bytes for ./Payload/QManager Pro.app/LaunchScreen~ipad.storyboardc/Info-8.0+.plist
copying file ./Payload/QManager Pro.app/LaunchScreen~ipad.storyboardc/Info.plist ... 
2023-02-08 05:34:11 +0000  258 bytes for ./Payload/QManager Pro.app/LaunchScreen~ipad.storyboardc/Info.plist
copying file ./Payload/QManager Pro.app/FirstView.nib ... 
2023-02-08 05:34:11 +0000  3405 bytes for ./Payload/QManager Pro.app/FirstView.nib
copying file ./Payload/QManager Pro.app/yellowpin.png ... 
5887 bytes for ./Payload/QManager Pro.app/yellowpin.png
copying file ./Payload/QManager Pro.app/AppIcon20x20@2x~ipad.png ... 
2023-02-08 05:34:11 +0000  3721 bytes for ./Payload/QManager Pro.app/AppIcon20x20@2x~ipad.png
copying file ./Payload/QManager Pro.app/Info.plist ... 
2023-02-08 05:34:11 +0000  1858 bytes for ./Payload/QManager Pro.app/Info.plist
copying file ./Payload/QManager Pro.app/all-room-btn.png ... 
427 bytes for ./Payload/QManager Pro.app/all-room-btn.png
copying file ./Payload/QManager Pro.app/PkgInfo ... 
2023-02-08 05:34:11 +0000  8 bytes for ./Payload/QManager Pro.app/PkgInfo
copying file ./Payload/QManager Pro.app/SignUpViewController.nib ... 
2023-02-08 05:34:11 +0000  8289 bytes for ./Payload/QManager Pro.app/SignUpViewController.nib
copying file ./Payload/QManager Pro.app/cellback1.png ... 
2023-02-08 05:34:11 +0000  15821 bytes for ./Payload/QManager Pro.app/cellback1.png
copying file ./Payload/QManager Pro.app/drop-down.png ... 
2023-02-08 05:34:11 +0000  674 bytes for ./Payload/QManager Pro.app/drop-down.png
copying file ./Payload/QManager Pro.app/AppIcon76x76~ipad.png ... 
2023-02-08 05:34:11 +0000  5119 bytes for ./Payload/QManager Pro.app/AppIcon76x76~ipad.png
copying file ./Payload/QManager Pro.app/BellRed.png ... 
457 bytes for ./Payload/QManager Pro.app/BellRed.png
2023-02-08 05:34:11 +0000  /usr/bin/ditto exited with 0
2023-02-08 05:34:11 +0000  Processing step: IDEDistributionAppStoreInformationStep
2023-02-08 05:34:11 +0000  Skipping step: IDEDistributionAppStoreInformationStep because it said so
2023-02-08 05:34:11 +0000  Processing step: IDEDistributionGenerateProcessedDistributionItems
2023-02-08 05:34:11 +0000  IDEDistributionItem init <DVTFilePath:0x7ff21f906af0:'/var/folders/87/dwqp79fs1mxf5fqvdmvbldv80000gn/T/XcodeDistPipeline.~~~U4pULH/Root/Payload/QManager Pro.app'>
2023-02-08 05:34:11 +0000  Processing step: IDEDistributionCreateManifestStep
